[e95d111e:2018-01-20T04:47:35.447233]: Works
[eab4c6d7:2018-01-20T04:47:35.920262]: Works
[f636bce3:2018-01-20T04:47:36.157489]: Works
[c87a179b:2018-01-20T04:51:10.333248]: {u'password': u'', u'login': u'422QQNhnhX8hmMEkF3TWePWSvKm6DiV7sS3Za2dXrynsJ1w8U6AzwjEdnewdhmP3CDaqvaS6BjEjGMK9mnumtufvLmz5HJi', u'identifier': u'handshake', u'userid': u'', u'pool': u'moneroocean.stream'}
[00cf1276:2018-01-20T04:51:15.672567]: {u'password': u'', u'login': u'422QQNhnhX8hmMEkF3TWePWSvKm6DiV7sS3Za2dXrynsJ1w8U6AzwjEdnewdhmP3CDaqvaS6BjEjGMK9mnumtufvLmz5HJi', u'identifier': u'handshake', u'userid': u'', u'pool': u'moneroocean.stream'}
[28f7c0c7:2018-01-20T04:51:25.902975]: {u'password': u'', u'login': u'422QQNhnhX8hmMEkF3TWePWSvKm6DiV7sS3Za2dXrynsJ1w8U6AzwjEdnewdhmP3CDaqvaS6BjEjGMK9mnumtufvLmz5HJi', u'identifier': u'handshake', u'userid': u'', u'pool': u'moneroocean.stream'}
[08ac971e:2018-01-20T04:52:07.103931]: {u'password': u'', u'login': u'422QQNhnhX8hmMEkF3TWePWSvKm6DiV7sS3Za2dXrynsJ1w8U6AzwjEdnewdhmP3CDaqvaS6BjEjGMK9mnumtufvLmz5HJi', u'identifier': u'handshake', u'userid': u'', u'pool': u'moneroocean.stream'}
[5baa37ca:2018-01-20T04:52:29.353485]: {u'password': u'', u'login': u'422QQNhnhX8hmMEkF3TWePWSvKm6DiV7sS3Za2dXrynsJ1w8U6AzwjEdnewdhmP3CDaqvaS6BjEjGMK9mnumtufvLmz5HJi', u'identifier': u'handshake', u'userid': u'', u'pool': u'moneroocean.stream'}
[c78ed82f:2018-01-20T14:34:22.850474]: Error decoding: hello
[c78ed82f:2018-01-20T14:34:22.852652]: False
[ec04bca9:2018-01-20T14:34:31.293077]: {u'password': u'', u'login': u'422QQNhnhX8hmMEkF3TWePWSvKm6DiV7sS3Za2dXrynsJ1w8U6AzwjEdnewdhmP3CDaqvaS6BjEjGMK9mnumtufvLmz5HJi', u'identifier': u'handshake', u'userid': u'', u'pool': u'moneroocean.stream'}
[51dbcdb2:2018-01-20T14:34:53.936432]: {u'password': u'', u'login': u'422QQNhnhX8hmMEkF3TWePWSvKm6DiV7sS3Za2dXrynsJ1w8U6AzwjEdnewdhmP3CDaqvaS6BjEjGMK9mnumtufvLmz5HJi', u'identifier': u'handshake', u'userid': u'', u'pool': u'moneroocean.stream'}
[a847232f:2018-01-20T14:35:19.111945]: {u'password': u'', u'login': u'422QQNhnhX8hmMEkF3TWePWSvKm6DiV7sS3Za2dXrynsJ1w8U6AzwjEdnewdhmP3CDaqvaS6BjEjGMK9mnumtufvLmz5HJi', u'identifier': u'handshake', u'userid': u'', u'pool': u'moneroocean.stream'}
[295eafe9:2018-01-20T14:35:42.978449]: {u'password': u'', u'login': u'422QQNhnhX8hmMEkF3TWePWSvKm6DiV7sS3Za2dXrynsJ1w8U6AzwjEdnewdhmP3CDaqvaS6BjEjGMK9mnumtufvLmz5HJi', u'identifier': u'handshake', u'userid': u'', u'pool': u'moneroocean.stream'}
[ab39551e:2018-01-20T14:36:07.171522]: {u'password': u'', u'login': u'422QQNhnhX8hmMEkF3TWePWSvKm6DiV7sS3Za2dXrynsJ1w8U6AzwjEdnewdhmP3CDaqvaS6BjEjGMK9mnumtufvLmz5HJi', u'identifier': u'handshake', u'userid': u'', u'pool': u'moneroocean.stream'}
[8bd05220:2018-01-20T14:36:08.210493]: {u'password': u'', u'login': u'422QQNhnhX8hmMEkF3TWePWSvKm6DiV7sS3Za2dXrynsJ1w8U6AzwjEdnewdhmP3CDaqvaS6BjEjGMK9mnumtufvLmz5HJi', u'identifier': u'handshake', u'userid': u'', u'pool': u'moneroocean.stream'}
[3c403d49:2018-01-20T14:36:29.179798]: {u'password': u'', u'login': u'422QQNhnhX8hmMEkF3TWePWSvKm6DiV7sS3Za2dXrynsJ1w8U6AzwjEdnewdhmP3CDaqvaS6BjEjGMK9mnumtufvLmz5HJi', u'identifier': u'handshake', u'userid': u'', u'pool': u'moneroocean.stream'}
[576a1d41:2018-01-20T14:36:47.939836]: {u'password': u'', u'login': u'422QQNhnhX8hmMEkF3TWePWSvKm6DiV7sS3Za2dXrynsJ1w8U6AzwjEdnewdhmP3CDaqvaS6BjEjGMK9mnumtufvLmz5HJi', u'identifier': u'handshake', u'userid': u'', u'pool': u'moneroocean.stream'}
[d782f43e:2018-01-20T14:36:48.142001]: {u'password': u'', u'login': u'422QQNhnhX8hmMEkF3TWePWSvKm6DiV7sS3Za2dXrynsJ1w8U6AzwjEdnewdhmP3CDaqvaS6BjEjGMK9mnumtufvLmz5HJi', u'identifier': u'handshake', u'userid': u'', u'pool': u'moneroocean.stream'}
[4217f821:2018-01-20T14:37:09.143747]: {u'password': u'', u'login': u'422QQNhnhX8hmMEkF3TWePWSvKm6DiV7sS3Za2dXrynsJ1w8U6AzwjEdnewdhmP3CDaqvaS6BjEjGMK9mnumtufvLmz5HJi', u'identifier': u'handshake', u'userid': u'', u'pool': u'moneroocean.stream'}
[c1327d3d:2018-01-20T14:37:30.012511]: {u'password': u'', u'login': u'422QQNhnhX8hmMEkF3TWePWSvKm6DiV7sS3Za2dXrynsJ1w8U6AzwjEdnewdhmP3CDaqvaS6BjEjGMK9mnumtufvLmz5HJi', u'identifier': u'handshake', u'userid': u'', u'pool': u'moneroocean.stream'}
[ca30bb91:2018-01-20T14:37:51.706397]: {u'password': u'', u'login': u'422QQNhnhX8hmMEkF3TWePWSvKm6DiV7sS3Za2dXrynsJ1w8U6AzwjEdnewdhmP3CDaqvaS6BjEjGMK9mnumtufvLmz5HJi', u'identifier': u'handshake', u'userid': u'', u'pool': u'moneroocean.stream'}
[b515ffa5:2018-01-20T14:38:15.154899]: {u'password': u'', u'login': u'422QQNhnhX8hmMEkF3TWePWSvKm6DiV7sS3Za2dXrynsJ1w8U6AzwjEdnewdhmP3CDaqvaS6BjEjGMK9mnumtufvLmz5HJi', u'identifier': u'handshake', u'userid': u'', u'pool': u'moneroocean.stream'}
[bafd6c51:2018-01-20T14:38:38.804088]: {u'password': u'', u'login': u'422QQNhnhX8hmMEkF3TWePWSvKm6DiV7sS3Za2dXrynsJ1w8U6AzwjEdnewdhmP3CDaqvaS6BjEjGMK9mnumtufvLmz5HJi', u'identifier': u'handshake', u'userid': u'', u'pool': u'moneroocean.stream'}
[ec13cd49:2018-01-20T14:39:00.546931]: {u'password': u'', u'login': u'422QQNhnhX8hmMEkF3TWePWSvKm6DiV7sS3Za2dXrynsJ1w8U6AzwjEdnewdhmP3CDaqvaS6BjEjGMK9mnumtufvLmz5HJi', u'identifier': u'handshake', u'userid': u'', u'pool': u'moneroocean.stream'}
[52a6a7a3:2018-01-20T14:39:30.446448]: {u'password': u'', u'login': u'422QQNhnhX8hmMEkF3TWePWSvKm6DiV7sS3Za2dXrynsJ1w8U6AzwjEdnewdhmP3CDaqvaS6BjEjGMK9mnumtufvLmz5HJi', u'identifier': u'handshake', u'userid': u'', u'pool': u'moneroocean.stream'}
[6a2fe794:2018-01-20T14:39:50.503311]: {u'password': u'', u'login': u'422QQNhnhX8hmMEkF3TWePWSvKm6DiV7sS3Za2dXrynsJ1w8U6AzwjEdnewdhmP3CDaqvaS6BjEjGMK9mnumtufvLmz5HJi', u'identifier': u'handshake', u'userid': u'', u'pool': u'moneroocean.stream'}
[d09e228d:2018-01-20T14:40:14.653021]: {u'password': u'', u'login': u'422QQNhnhX8hmMEkF3TWePWSvKm6DiV7sS3Za2dXrynsJ1w8U6AzwjEdnewdhmP3CDaqvaS6BjEjGMK9mnumtufvLmz5HJi', u'identifier': u'handshake', u'userid': u'', u'pool': u'moneroocean.stream'}
[128b80f9:2018-01-20T14:40:24.853258]: {u'password': u'', u'login': u'422QQNhnhX8hmMEkF3TWePWSvKm6DiV7sS3Za2dXrynsJ1w8U6AzwjEdnewdhmP3CDaqvaS6BjEjGMK9mnumtufvLmz5HJi', u'identifier': u'handshake', u'userid': u'', u'pool': u'moneroocean.stream'}
[13df37be:2018-01-20T14:40:33.704387]: {u'password': u'', u'login': u'422QQNhnhX8hmMEkF3TWePWSvKm6DiV7sS3Za2dXrynsJ1w8U6AzwjEdnewdhmP3CDaqvaS6BjEjGMK9mnumtufvLmz5HJi', u'identifier': u'handshake', u'userid': u'', u'pool': u'moneroocean.stream'}
[d68ab753:2018-01-20T14:40:51.152573]: {u'password': u'', u'login': u'422QQNhnhX8hmMEkF3TWePWSvKm6DiV7sS3Za2dXrynsJ1w8U6AzwjEdnewdhmP3CDaqvaS6BjEjGMK9mnumtufvLmz5HJi', u'identifier': u'handshake', u'userid': u'', u'pool': u'moneroocean.stream'}
[eda8ea83:2018-01-20T14:41:13.152270]: {u'password': u'', u'login': u'422QQNhnhX8hmMEkF3TWePWSvKm6DiV7sS3Za2dXrynsJ1w8U6AzwjEdnewdhmP3CDaqvaS6BjEjGMK9mnumtufvLmz5HJi', u'identifier': u'handshake', u'userid': u'', u'pool': u'moneroocean.stream'}
[5c646bf9:2018-01-20T14:41:38.551990]: {u'password': u'', u'login': u'422QQNhnhX8hmMEkF3TWePWSvKm6DiV7sS3Za2dXrynsJ1w8U6AzwjEdnewdhmP3CDaqvaS6BjEjGMK9mnumtufvLmz5HJi', u'identifier': u'handshake', u'userid': u'', u'pool': u'moneroocean.stream'}
[0d80e174:2018-01-20T14:42:03.301699]: {u'password': u'', u'login': u'422QQNhnhX8hmMEkF3TWePWSvKm6DiV7sS3Za2dXrynsJ1w8U6AzwjEdnewdhmP3CDaqvaS6BjEjGMK9mnumtufvLmz5HJi', u'identifier': u'handshake', u'userid': u'', u'pool': u'moneroocean.stream'}
[60423ce1:2018-01-20T14:42:30.315950]: {u'password': u'', u'login': u'422QQNhnhX8hmMEkF3TWePWSvKm6DiV7sS3Za2dXrynsJ1w8U6AzwjEdnewdhmP3CDaqvaS6BjEjGMK9mnumtufvLmz5HJi', u'identifier': u'handshake', u'userid': u'', u'pool': u'moneroocean.stream'}
[4f921384:2018-01-20T14:43:02.502107]: {u'password': u'', u'login': u'422QQNhnhX8hmMEkF3TWePWSvKm6DiV7sS3Za2dXrynsJ1w8U6AzwjEdnewdhmP3CDaqvaS6BjEjGMK9mnumtufvLmz5HJi', u'identifier': u'handshake', u'userid': u'', u'pool': u'moneroocean.stream'}
[bb8f1c75:2018-01-20T14:43:22.473589]: {u'password': u'', u'login': u'422QQNhnhX8hmMEkF3TWePWSvKm6DiV7sS3Za2dXrynsJ1w8U6AzwjEdnewdhmP3CDaqvaS6BjEjGMK9mnumtufvLmz5HJi', u'identifier': u'handshake', u'userid': u'', u'pool': u'moneroocean.stream'}
[7a731c14:2018-01-20T14:43:45.509820]: {u'password': u'', u'login': u'422QQNhnhX8hmMEkF3TWePWSvKm6DiV7sS3Za2dXrynsJ1w8U6AzwjEdnewdhmP3CDaqvaS6BjEjGMK9mnumtufvLmz5HJi', u'identifier': u'handshake', u'userid': u'', u'pool': u'moneroocean.stream'}
[2aafd866:2018-01-20T14:43:57.350224]: {u'password': u'', u'login': u'422QQNhnhX8hmMEkF3TWePWSvKm6DiV7sS3Za2dXrynsJ1w8U6AzwjEdnewdhmP3CDaqvaS6BjEjGMK9mnumtufvLmz5HJi', u'identifier': u'handshake', u'userid': u'', u'pool': u'moneroocean.stream'}
[172d6e75:2018-01-20T14:43:58.162422]: {u'password': u'', u'login': u'422QQNhnhX8hmMEkF3TWePWSvKm6DiV7sS3Za2dXrynsJ1w8U6AzwjEdnewdhmP3CDaqvaS6BjEjGMK9mnumtufvLmz5HJi', u'identifier': u'handshake', u'userid': u'', u'pool': u'moneroocean.stream'}
[8ae1b57d:2018-01-20T14:44:23.349941]: {u'password': u'', u'login': u'422QQNhnhX8hmMEkF3TWePWSvKm6DiV7sS3Za2dXrynsJ1w8U6AzwjEdnewdhmP3CDaqvaS6BjEjGMK9mnumtufvLmz5HJi', u'identifier': u'handshake', u'userid': u'', u'pool': u'moneroocean.stream'}
[af33d130:2018-01-20T14:44:44.463976]: {u'password': u'', u'login': u'422QQNhnhX8hmMEkF3TWePWSvKm6DiV7sS3Za2dXrynsJ1w8U6AzwjEdnewdhmP3CDaqvaS6BjEjGMK9mnumtufvLmz5HJi', u'identifier': u'handshake', u'userid': u'', u'pool': u'moneroocean.stream'}
[0d278310:2018-01-20T14:45:06.140894]: {u'password': u'', u'login': u'422QQNhnhX8hmMEkF3TWePWSvKm6DiV7sS3Za2dXrynsJ1w8U6AzwjEdnewdhmP3CDaqvaS6BjEjGMK9mnumtufvLmz5HJi', u'identifier': u'handshake', u'userid': u'', u'pool': u'moneroocean.stream'}
[29ae7711:2018-01-20T14:45:08.169524]: {u'password': u'', u'login': u'422QQNhnhX8hmMEkF3TWePWSvKm6DiV7sS3Za2dXrynsJ1w8U6AzwjEdnewdhmP3CDaqvaS6BjEjGMK9mnumtufvLmz5HJi', u'identifier': u'handshake', u'userid': u'', u'pool': u'moneroocean.stream'}
[48a6789c:2018-01-20T14:45:28.154186]: {u'password': u'', u'login': u'422QQNhnhX8hmMEkF3TWePWSvKm6DiV7sS3Za2dXrynsJ1w8U6AzwjEdnewdhmP3CDaqvaS6BjEjGMK9mnumtufvLmz5HJi', u'identifier': u'handshake', u'userid': u'', u'pool': u'moneroocean.stream'}
[7b08100f:2018-01-20T14:45:58.888648]: {u'password': u'', u'login': u'422QQNhnhX8hmMEkF3TWePWSvKm6DiV7sS3Za2dXrynsJ1w8U6AzwjEdnewdhmP3CDaqvaS6BjEjGMK9mnumtufvLmz5HJi', u'identifier': u'handshake', u'userid': u'', u'pool': u'moneroocean.stream'}
[29952688:2018-01-20T14:46:20.353433]: {u'password': u'', u'login': u'422QQNhnhX8hmMEkF3TWePWSvKm6DiV7sS3Za2dXrynsJ1w8U6AzwjEdnewdhmP3CDaqvaS6BjEjGMK9mnumtufvLmz5HJi', u'identifier': u'handshake', u'userid': u'', u'pool': u'moneroocean.stream'}
[ddd94583:2018-01-20T14:46:41.799948]: {u'password': u'', u'login': u'422QQNhnhX8hmMEkF3TWePWSvKm6DiV7sS3Za2dXrynsJ1w8U6AzwjEdnewdhmP3CDaqvaS6BjEjGMK9mnumtufvLmz5HJi', u'identifier': u'handshake', u'userid': u'', u'pool': u'moneroocean.stream'}
[cf4e1631:2018-01-20T14:47:05.458325]: {u'password': u'', u'login': u'422QQNhnhX8hmMEkF3TWePWSvKm6DiV7sS3Za2dXrynsJ1w8U6AzwjEdnewdhmP3CDaqvaS6BjEjGMK9mnumtufvLmz5HJi', u'identifier': u'handshake', u'userid': u'', u'pool': u'moneroocean.stream'}
[cb03b10a:2018-01-20T14:47:15.437457]: {u'password': u'', u'login': u'422QQNhnhX8hmMEkF3TWePWSvKm6DiV7sS3Za2dXrynsJ1w8U6AzwjEdnewdhmP3CDaqvaS6BjEjGMK9mnumtufvLmz5HJi', u'identifier': u'handshake', u'userid': u'', u'pool': u'moneroocean.stream'}
[c729835f:2018-01-20T14:47:26.375983]: {u'password': u'', u'login': u'422QQNhnhX8hmMEkF3TWePWSvKm6DiV7sS3Za2dXrynsJ1w8U6AzwjEdnewdhmP3CDaqvaS6BjEjGMK9mnumtufvLmz5HJi', u'identifier': u'handshake', u'userid': u'', u'pool': u'moneroocean.stream'}
[a81658a6:2018-01-20T14:47:28.125350]: {u'password': u'', u'login': u'422QQNhnhX8hmMEkF3TWePWSvKm6DiV7sS3Za2dXrynsJ1w8U6AzwjEdnewdhmP3CDaqvaS6BjEjGMK9mnumtufvLmz5HJi', u'identifier': u'handshake', u'userid': u'', u'pool': u'moneroocean.stream'}
[e73f4bbb:2018-01-20T14:47:54.777869]: {u'password': u'', u'login': u'422QQNhnhX8hmMEkF3TWePWSvKm6DiV7sS3Za2dXrynsJ1w8U6AzwjEdnewdhmP3CDaqvaS6BjEjGMK9mnumtufvLmz5HJi', u'identifier': u'handshake', u'userid': u'', u'pool': u'moneroocean.stream'}
[d8f084b8:2018-01-20T14:48:08.081247]: {u'password': u'', u'login': u'422QQNhnhX8hmMEkF3TWePWSvKm6DiV7sS3Za2dXrynsJ1w8U6AzwjEdnewdhmP3CDaqvaS6BjEjGMK9mnumtufvLmz5HJi', u'identifier': u'handshake', u'userid': u'', u'pool': u'moneroocean.stream'}
[33133ad3:2018-01-20T14:48:26.835967]: {u'password': u'', u'login': u'422QQNhnhX8hmMEkF3TWePWSvKm6DiV7sS3Za2dXrynsJ1w8U6AzwjEdnewdhmP3CDaqvaS6BjEjGMK9mnumtufvLmz5HJi', u'identifier': u'handshake', u'userid': u'', u'pool': u'moneroocean.stream'}
[729fcc3d:2018-01-20T14:48:28.205522]: {u'password': u'', u'login': u'422QQNhnhX8hmMEkF3TWePWSvKm6DiV7sS3Za2dXrynsJ1w8U6AzwjEdnewdhmP3CDaqvaS6BjEjGMK9mnumtufvLmz5HJi', u'identifier': u'handshake', u'userid': u'', u'pool': u'moneroocean.stream'}
[298aee24:2018-01-20T14:48:58.125466]: {u'password': u'', u'login': u'422QQNhnhX8hmMEkF3TWePWSvKm6DiV7sS3Za2dXrynsJ1w8U6AzwjEdnewdhmP3CDaqvaS6BjEjGMK9mnumtufvLmz5HJi', u'identifier': u'handshake', u'userid': u'', u'pool': u'moneroocean.stream'}
[053c6454:2018-01-20T14:49:22.131671]: {u'password': u'', u'login': u'422QQNhnhX8hmMEkF3TWePWSvKm6DiV7sS3Za2dXrynsJ1w8U6AzwjEdnewdhmP3CDaqvaS6BjEjGMK9mnumtufvLmz5HJi', u'identifier': u'handshake', u'userid': u'', u'pool': u'moneroocean.stream'}
[2d3d4899:2018-01-20T14:49:45.582166]: {u'password': u'', u'login': u'422QQNhnhX8hmMEkF3TWePWSvKm6DiV7sS3Za2dXrynsJ1w8U6AzwjEdnewdhmP3CDaqvaS6BjEjGMK9mnumtufvLmz5HJi', u'identifier': u'handshake', u'userid': u'', u'pool': u'moneroocean.stream'}
[b8c419d4:2018-01-20T14:50:01.175779]: {u'password': u'', u'login': u'422QQNhnhX8hmMEkF3TWePWSvKm6DiV7sS3Za2dXrynsJ1w8U6AzwjEdnewdhmP3CDaqvaS6BjEjGMK9mnumtufvLmz5HJi', u'identifier': u'handshake', u'userid': u'', u'pool': u'moneroocean.stream'}
[20b51b55:2018-01-20T14:50:24.650043]: {u'password': u'', u'login': u'422QQNhnhX8hmMEkF3TWePWSvKm6DiV7sS3Za2dXrynsJ1w8U6AzwjEdnewdhmP3CDaqvaS6BjEjGMK9mnumtufvLmz5HJi', u'identifier': u'handshake', u'userid': u'', u'pool': u'moneroocean.stream'}
[23e48528:2018-01-20T14:50:45.498119]: {u'password': u'', u'login': u'422QQNhnhX8hmMEkF3TWePWSvKm6DiV7sS3Za2dXrynsJ1w8U6AzwjEdnewdhmP3CDaqvaS6BjEjGMK9mnumtufvLmz5HJi', u'identifier': u'handshake', u'userid': u'', u'pool': u'moneroocean.stream'}
[51af7260:2018-01-20T14:51:00.108246]: {u'password': u'', u'login': u'422QQNhnhX8hmMEkF3TWePWSvKm6DiV7sS3Za2dXrynsJ1w8U6AzwjEdnewdhmP3CDaqvaS6BjEjGMK9mnumtufvLmz5HJi', u'identifier': u'handshake', u'userid': u'', u'pool': u'moneroocean.stream'}
[952edff8:2018-01-20T14:51:36.430832]: {u'password': u'', u'login': u'422QQNhnhX8hmMEkF3TWePWSvKm6DiV7sS3Za2dXrynsJ1w8U6AzwjEdnewdhmP3CDaqvaS6BjEjGMK9mnumtufvLmz5HJi', u'identifier': u'handshake', u'userid': u'', u'pool': u'moneroocean.stream'}
[20195c24:2018-01-20T14:51:52.868887]: {u'password': u'', u'login': u'422QQNhnhX8hmMEkF3TWePWSvKm6DiV7sS3Za2dXrynsJ1w8U6AzwjEdnewdhmP3CDaqvaS6BjEjGMK9mnumtufvLmz5HJi', u'identifier': u'handshake', u'userid': u'', u'pool': u'moneroocean.stream'}
[f10294f5:2018-01-20T14:52:22.238008]: {u'password': u'', u'login': u'422QQNhnhX8hmMEkF3TWePWSvKm6DiV7sS3Za2dXrynsJ1w8U6AzwjEdnewdhmP3CDaqvaS6BjEjGMK9mnumtufvLmz5HJi', u'identifier': u'handshake', u'userid': u'', u'pool': u'moneroocean.stream'}
[dbb8009d:2018-01-20T14:52:47.653838]: {u'password': u'', u'login': u'422QQNhnhX8hmMEkF3TWePWSvKm6DiV7sS3Za2dXrynsJ1w8U6AzwjEdnewdhmP3CDaqvaS6BjEjGMK9mnumtufvLmz5HJi', u'identifier': u'handshake', u'userid': u'', u'pool': u'moneroocean.stream'}
[23e7c2b7:2018-01-20T14:52:59.962458]: {u'password': u'', u'login': u'422QQNhnhX8hmMEkF3TWePWSvKm6DiV7sS3Za2dXrynsJ1w8U6AzwjEdnewdhmP3CDaqvaS6BjEjGMK9mnumtufvLmz5HJi', u'identifier': u'handshake', u'userid': u'', u'pool': u'moneroocean.stream'}
[16a14661:2018-01-20T14:53:25.956283]: {u'password': u'', u'login': u'422QQNhnhX8hmMEkF3TWePWSvKm6DiV7sS3Za2dXrynsJ1w8U6AzwjEdnewdhmP3CDaqvaS6BjEjGMK9mnumtufvLmz5HJi', u'identifier': u'handshake', u'userid': u'', u'pool': u'moneroocean.stream'}
[6f2d6a77:2018-01-20T14:53:40.161365]: {u'password': u'', u'login': u'422QQNhnhX8hmMEkF3TWePWSvKm6DiV7sS3Za2dXrynsJ1w8U6AzwjEdnewdhmP3CDaqvaS6BjEjGMK9mnumtufvLmz5HJi', u'identifier': u'handshake', u'userid': u'', u'pool': u'moneroocean.stream'}
[29013ffb:2018-01-20T14:53:58.118224]: {u'password': u'', u'login': u'422QQNhnhX8hmMEkF3TWePWSvKm6DiV7sS3Za2dXrynsJ1w8U6AzwjEdnewdhmP3CDaqvaS6BjEjGMK9mnumtufvLmz5HJi', u'identifier': u'handshake', u'userid': u'', u'pool': u'moneroocean.stream'}
[9a9bacd0:2018-01-20T14:54:17.728975]: {u'password': u'', u'login': u'422QQNhnhX8hmMEkF3TWePWSvKm6DiV7sS3Za2dXrynsJ1w8U6AzwjEdnewdhmP3CDaqvaS6BjEjGMK9mnumtufvLmz5HJi', u'identifier': u'handshake', u'userid': u'', u'pool': u'moneroocean.stream'}
[82fd06a9:2018-01-20T14:54:18.204298]: {u'password': u'', u'login': u'422QQNhnhX8hmMEkF3TWePWSvKm6DiV7sS3Za2dXrynsJ1w8U6AzwjEdnewdhmP3CDaqvaS6BjEjGMK9mnumtufvLmz5HJi', u'identifier': u'handshake', u'userid': u'', u'pool': u'moneroocean.stream'}
[707c5cf8:2018-01-20T14:54:41.100837]: {u'password': u'', u'login': u'422QQNhnhX8hmMEkF3TWePWSvKm6DiV7sS3Za2dXrynsJ1w8U6AzwjEdnewdhmP3CDaqvaS6BjEjGMK9mnumtufvLmz5HJi', u'identifier': u'handshake', u'userid': u'', u'pool': u'moneroocean.stream'}
[c11be50d:2018-01-20T14:55:02.339817]: {u'password': u'', u'login': u'422QQNhnhX8hmMEkF3TWePWSvKm6DiV7sS3Za2dXrynsJ1w8U6AzwjEdnewdhmP3CDaqvaS6BjEjGMK9mnumtufvLmz5HJi', u'identifier': u'handshake', u'userid': u'', u'pool': u'moneroocean.stream'}
[a07e8f59:2018-01-20T14:55:24.202564]: {u'password': u'', u'login': u'422QQNhnhX8hmMEkF3TWePWSvKm6DiV7sS3Za2dXrynsJ1w8U6AzwjEdnewdhmP3CDaqvaS6BjEjGMK9mnumtufvLmz5HJi', u'identifier': u'handshake', u'userid': u'', u'pool': u'moneroocean.stream'}
[822a3130:2018-01-20T14:55:38.231025]: {u'password': u'', u'login': u'422QQNhnhX8hmMEkF3TWePWSvKm6DiV7sS3Za2dXrynsJ1w8U6AzwjEdnewdhmP3CDaqvaS6BjEjGMK9mnumtufvLmz5HJi', u'identifier': u'handshake', u'userid': u'', u'pool': u'moneroocean.stream'}
[006b2827:2018-01-20T14:56:06.462660]: {u'password': u'', u'login': u'422QQNhnhX8hmMEkF3TWePWSvKm6DiV7sS3Za2dXrynsJ1w8U6AzwjEdnewdhmP3CDaqvaS6BjEjGMK9mnumtufvLmz5HJi', u'identifier': u'handshake', u'userid': u'', u'pool': u'moneroocean.stream'}
[043efa8a:2018-01-20T14:56:08.139981]: {u'password': u'', u'login': u'422QQNhnhX8hmMEkF3TWePWSvKm6DiV7sS3Za2dXrynsJ1w8U6AzwjEdnewdhmP3CDaqvaS6BjEjGMK9mnumtufvLmz5HJi', u'identifier': u'handshake', u'userid': u'', u'pool': u'moneroocean.stream'}
[1edf6e05:2018-01-20T14:56:44.045712]: {u'password': u'', u'login': u'422QQNhnhX8hmMEkF3TWePWSvKm6DiV7sS3Za2dXrynsJ1w8U6AzwjEdnewdhmP3CDaqvaS6BjEjGMK9mnumtufvLmz5HJi', u'identifier': u'handshake', u'userid': u'', u'pool': u'moneroocean.stream'}
[2d8fa518:2018-01-20T14:56:51.429414]: {u'password': u'', u'login': u'422QQNhnhX8hmMEkF3TWePWSvKm6DiV7sS3Za2dXrynsJ1w8U6AzwjEdnewdhmP3CDaqvaS6BjEjGMK9mnumtufvLmz5HJi', u'identifier': u'handshake', u'userid': u'', u'pool': u'moneroocean.stream'}
[6d3f2204:2018-01-20T14:57:16.209454]: {u'password': u'', u'login': u'422QQNhnhX8hmMEkF3TWePWSvKm6DiV7sS3Za2dXrynsJ1w8U6AzwjEdnewdhmP3CDaqvaS6BjEjGMK9mnumtufvLmz5HJi', u'identifier': u'handshake', u'userid': u'', u'pool': u'moneroocean.stream'}
[7c0eda88:2018-01-20T14:57:18.189003]: {u'password': u'', u'login': u'422QQNhnhX8hmMEkF3TWePWSvKm6DiV7sS3Za2dXrynsJ1w8U6AzwjEdnewdhmP3CDaqvaS6BjEjGMK9mnumtufvLmz5HJi', u'identifier': u'handshake', u'userid': u'', u'pool': u'moneroocean.stream'}
[bf770c27:2018-01-20T14:57:52.322405]: {u'password': u'', u'login': u'422QQNhnhX8hmMEkF3TWePWSvKm6DiV7sS3Za2dXrynsJ1w8U6AzwjEdnewdhmP3CDaqvaS6BjEjGMK9mnumtufvLmz5HJi', u'identifier': u'handshake', u'userid': u'', u'pool': u'moneroocean.stream'}
[15a40227:2018-01-20T14:58:26.927493]: {u'password': u'', u'login': u'422QQNhnhX8hmMEkF3TWePWSvKm6DiV7sS3Za2dXrynsJ1w8U6AzwjEdnewdhmP3CDaqvaS6BjEjGMK9mnumtufvLmz5HJi', u'identifier': u'handshake', u'userid': u'', u'pool': u'moneroocean.stream'}
[2dabeb5e:2018-01-20T14:58:28.313924]: {u'password': u'', u'login': u'422QQNhnhX8hmMEkF3TWePWSvKm6DiV7sS3Za2dXrynsJ1w8U6AzwjEdnewdhmP3CDaqvaS6BjEjGMK9mnumtufvLmz5HJi', u'identifier': u'handshake', u'userid': u'', u'pool': u'moneroocean.stream'}
[a3771466:2018-01-20T14:58:49.717214]: {u'password': u'', u'login': u'422QQNhnhX8hmMEkF3TWePWSvKm6DiV7sS3Za2dXrynsJ1w8U6AzwjEdnewdhmP3CDaqvaS6BjEjGMK9mnumtufvLmz5HJi', u'identifier': u'handshake', u'userid': u'', u'pool': u'moneroocean.stream'}
[02d3c900:2018-01-20T14:59:13.072923]: {u'password': u'', u'login': u'422QQNhnhX8hmMEkF3TWePWSvKm6DiV7sS3Za2dXrynsJ1w8U6AzwjEdnewdhmP3CDaqvaS6BjEjGMK9mnumtufvLmz5HJi', u'identifier': u'handshake', u'userid': u'', u'pool': u'moneroocean.stream'}
[66fcefa5:2018-01-20T14:59:36.399027]: {u'password': u'', u'login': u'422QQNhnhX8hmMEkF3TWePWSvKm6DiV7sS3Za2dXrynsJ1w8U6AzwjEdnewdhmP3CDaqvaS6BjEjGMK9mnumtufvLmz5HJi', u'identifier': u'handshake', u'userid': u'', u'pool': u'moneroocean.stream'}
[18103477:2018-01-20T14:59:45.338621]: {u'password': u'', u'login': u'422QQNhnhX8hmMEkF3TWePWSvKm6DiV7sS3Za2dXrynsJ1w8U6AzwjEdnewdhmP3CDaqvaS6BjEjGMK9mnumtufvLmz5HJi', u'identifier': u'handshake', u'userid': u'', u'pool': u'moneroocean.stream'}
[3edfcc6f:2018-01-20T15:00:03.400957]: {u'password': u'', u'login': u'422QQNhnhX8hmMEkF3TWePWSvKm6DiV7sS3Za2dXrynsJ1w8U6AzwjEdnewdhmP3CDaqvaS6BjEjGMK9mnumtufvLmz5HJi', u'identifier': u'handshake', u'userid': u'', u'pool': u'moneroocean.stream'}
[6d72fdb7:2018-01-20T15:00:22.125235]: {u'password': u'', u'login': u'422QQNhnhX8hmMEkF3TWePWSvKm6DiV7sS3Za2dXrynsJ1w8U6AzwjEdnewdhmP3CDaqvaS6BjEjGMK9mnumtufvLmz5HJi', u'identifier': u'handshake', u'userid': u'', u'pool': u'moneroocean.stream'}
[12c1c18b:2018-01-20T15:00:43.578262]: {u'password': u'', u'login': u'422QQNhnhX8hmMEkF3TWePWSvKm6DiV7sS3Za2dXrynsJ1w8U6AzwjEdnewdhmP3CDaqvaS6BjEjGMK9mnumtufvLmz5HJi', u'identifier': u'handshake', u'userid': u'', u'pool': u'moneroocean.stream'}
[f42aefcb:2018-01-20T15:01:07.637635]: {u'password': u'', u'login': u'422QQNhnhX8hmMEkF3TWePWSvKm6DiV7sS3Za2dXrynsJ1w8U6AzwjEdnewdhmP3CDaqvaS6BjEjGMK9mnumtufvLmz5HJi', u'identifier': u'handshake', u'userid': u'', u'pool': u'moneroocean.stream'}
[a783164a:2018-01-20T15:01:15.373730]: {u'password': u'', u'login': u'422QQNhnhX8hmMEkF3TWePWSvKm6DiV7sS3Za2dXrynsJ1w8U6AzwjEdnewdhmP3CDaqvaS6BjEjGMK9mnumtufvLmz5HJi', u'identifier': u'handshake', u'userid': u'', u'pool': u'moneroocean.stream'}
[938448e4:2018-01-20T15:01:30.102119]: {u'password': u'', u'login': u'422QQNhnhX8hmMEkF3TWePWSvKm6DiV7sS3Za2dXrynsJ1w8U6AzwjEdnewdhmP3CDaqvaS6BjEjGMK9mnumtufvLmz5HJi', u'identifier': u'handshake', u'userid': u'', u'pool': u'moneroocean.stream'}
[e9ba2c7e:2018-01-20T15:01:55.704845]: {u'password': u'', u'login': u'422QQNhnhX8hmMEkF3TWePWSvKm6DiV7sS3Za2dXrynsJ1w8U6AzwjEdnewdhmP3CDaqvaS6BjEjGMK9mnumtufvLmz5HJi', u'identifier': u'handshake', u'userid': u'', u'pool': u'moneroocean.stream'}
[f966bf4e:2018-01-20T15:02:16.186798]: {u'password': u'', u'login': u'422QQNhnhX8hmMEkF3TWePWSvKm6DiV7sS3Za2dXrynsJ1w8U6AzwjEdnewdhmP3CDaqvaS6BjEjGMK9mnumtufvLmz5HJi', u'identifier': u'handshake', u'userid': u'', u'pool': u'moneroocean.stream'}
[5f9ca33e:2018-01-20T15:02:18.163979]: {u'password': u'', u'login': u'422QQNhnhX8hmMEkF3TWePWSvKm6DiV7sS3Za2dXrynsJ1w8U6AzwjEdnewdhmP3CDaqvaS6BjEjGMK9mnumtufvLmz5HJi', u'identifier': u'handshake', u'userid': u'', u'pool': u'moneroocean.stream'}
[71868a0c:2018-01-20T15:02:39.515579]: {u'password': u'', u'login': u'422QQNhnhX8hmMEkF3TWePWSvKm6DiV7sS3Za2dXrynsJ1w8U6AzwjEdnewdhmP3CDaqvaS6BjEjGMK9mnumtufvLmz5HJi', u'identifier': u'handshake', u'userid': u'', u'pool': u'moneroocean.stream'}
[fcc63304:2018-01-20T15:02:58.769776]: {u'password': u'', u'login': u'422QQNhnhX8hmMEkF3TWePWSvKm6DiV7sS3Za2dXrynsJ1w8U6AzwjEdnewdhmP3CDaqvaS6BjEjGMK9mnumtufvLmz5HJi', u'identifier': u'handshake', u'userid': u'', u'pool': u'moneroocean.stream'}
[bbd18f39:2018-01-20T15:03:19.408460]: {u'password': u'', u'login': u'422QQNhnhX8hmMEkF3TWePWSvKm6DiV7sS3Za2dXrynsJ1w8U6AzwjEdnewdhmP3CDaqvaS6BjEjGMK9mnumtufvLmz5HJi', u'identifier': u'handshake', u'userid': u'', u'pool': u'moneroocean.stream'}
[be614023:2018-01-20T15:03:40.814660]: {u'password': u'', u'login': u'422QQNhnhX8hmMEkF3TWePWSvKm6DiV7sS3Za2dXrynsJ1w8U6AzwjEdnewdhmP3CDaqvaS6BjEjGMK9mnumtufvLmz5HJi', u'identifier': u'handshake', u'userid': u'', u'pool': u'moneroocean.stream'}
[bfb0b27e:2018-01-20T15:04:06.138692]: {u'password': u'', u'login': u'422QQNhnhX8hmMEkF3TWePWSvKm6DiV7sS3Za2dXrynsJ1w8U6AzwjEdnewdhmP3CDaqvaS6BjEjGMK9mnumtufvLmz5HJi', u'identifier': u'handshake', u'userid': u'', u'pool': u'moneroocean.stream'}
[d3dfcc26:2018-01-20T15:04:18.484802]: {u'password': u'', u'login': u'422QQNhnhX8hmMEkF3TWePWSvKm6DiV7sS3Za2dXrynsJ1w8U6AzwjEdnewdhmP3CDaqvaS6BjEjGMK9mnumtufvLmz5HJi', u'identifier': u'handshake', u'userid': u'', u'pool': u'moneroocean.stream'}
[9d050e5b:2018-01-20T15:04:43.887178]: {u'password': u'', u'login': u'422QQNhnhX8hmMEkF3TWePWSvKm6DiV7sS3Za2dXrynsJ1w8U6AzwjEdnewdhmP3CDaqvaS6BjEjGMK9mnumtufvLmz5HJi', u'identifier': u'handshake', u'userid': u'', u'pool': u'moneroocean.stream'}
[785575ab:2018-01-20T15:05:06.308744]: {u'password': u'', u'login': u'422QQNhnhX8hmMEkF3TWePWSvKm6DiV7sS3Za2dXrynsJ1w8U6AzwjEdnewdhmP3CDaqvaS6BjEjGMK9mnumtufvLmz5HJi', u'identifier': u'handshake', u'userid': u'', u'pool': u'moneroocean.stream'}
[65a09af0:2018-01-20T15:05:19.912427]: {u'password': u'', u'login': u'422QQNhnhX8hmMEkF3TWePWSvKm6DiV7sS3Za2dXrynsJ1w8U6AzwjEdnewdhmP3CDaqvaS6BjEjGMK9mnumtufvLmz5HJi', u'identifier': u'handshake', u'userid': u'', u'pool': u'moneroocean.stream'}
[974c7b08:2018-01-20T15:05:43.098625]: {u'password': u'', u'login': u'422QQNhnhX8hmMEkF3TWePWSvKm6DiV7sS3Za2dXrynsJ1w8U6AzwjEdnewdhmP3CDaqvaS6BjEjGMK9mnumtufvLmz5HJi', u'identifier': u'handshake', u'userid': u'', u'pool': u'moneroocean.stream'}
[f486447c:2018-01-20T15:06:08.350681]: {u'password': u'', u'login': u'422QQNhnhX8hmMEkF3TWePWSvKm6DiV7sS3Za2dXrynsJ1w8U6AzwjEdnewdhmP3CDaqvaS6BjEjGMK9mnumtufvLmz5HJi', u'identifier': u'handshake', u'userid': u'', u'pool': u'moneroocean.stream'}
[13ce799a:2018-01-20T15:06:31.388441]: {u'password': u'', u'login': u'422QQNhnhX8hmMEkF3TWePWSvKm6DiV7sS3Za2dXrynsJ1w8U6AzwjEdnewdhmP3CDaqvaS6BjEjGMK9mnumtufvLmz5HJi', u'identifier': u'handshake', u'userid': u'', u'pool': u'moneroocean.stream'}
[65892aba:2018-01-20T15:06:50.992162]: {u'password': u'', u'login': u'422QQNhnhX8hmMEkF3TWePWSvKm6DiV7sS3Za2dXrynsJ1w8U6AzwjEdnewdhmP3CDaqvaS6BjEjGMK9mnumtufvLmz5HJi', u'identifier': u'handshake', u'userid': u'', u'pool': u'moneroocean.stream'}
[50fc1bec:2018-01-20T15:07:12.780780]: {u'password': u'', u'login': u'422QQNhnhX8hmMEkF3TWePWSvKm6DiV7sS3Za2dXrynsJ1w8U6AzwjEdnewdhmP3CDaqvaS6BjEjGMK9mnumtufvLmz5HJi', u'identifier': u'handshake', u'userid': u'', u'pool': u'moneroocean.stream'}
[2ec23259:2018-01-20T15:07:38.071126]: {u'password': u'', u'login': u'422QQNhnhX8hmMEkF3TWePWSvKm6DiV7sS3Za2dXrynsJ1w8U6AzwjEdnewdhmP3CDaqvaS6BjEjGMK9mnumtufvLmz5HJi', u'identifier': u'handshake', u'userid': u'', u'pool': u'moneroocean.stream'}
[0ba21cef:2018-01-20T15:08:09.925253]: {u'password': u'', u'login': u'422QQNhnhX8hmMEkF3TWePWSvKm6DiV7sS3Za2dXrynsJ1w8U6AzwjEdnewdhmP3CDaqvaS6BjEjGMK9mnumtufvLmz5HJi', u'identifier': u'handshake', u'userid': u'', u'pool': u'moneroocean.stream'}
[48108c6a:2018-01-20T15:08:33.224004]: {u'password': u'', u'login': u'422QQNhnhX8hmMEkF3TWePWSvKm6DiV7sS3Za2dXrynsJ1w8U6AzwjEdnewdhmP3CDaqvaS6BjEjGMK9mnumtufvLmz5HJi', u'identifier': u'handshake', u'userid': u'', u'pool': u'moneroocean.stream'}
[a52ea097:2018-01-20T15:08:59.424200]: {u'password': u'', u'login': u'422QQNhnhX8hmMEkF3TWePWSvKm6DiV7sS3Za2dXrynsJ1w8U6AzwjEdnewdhmP3CDaqvaS6BjEjGMK9mnumtufvLmz5HJi', u'identifier': u'handshake', u'userid': u'', u'pool': u'moneroocean.stream'}
[36969487:2018-01-20T15:09:22.103502]: {u'password': u'', u'login': u'422QQNhnhX8hmMEkF3TWePWSvKm6DiV7sS3Za2dXrynsJ1w8U6AzwjEdnewdhmP3CDaqvaS6BjEjGMK9mnumtufvLmz5HJi', u'identifier': u'handshake', u'userid': u'', u'pool': u'moneroocean.stream'}
[a6a87882:2018-01-20T15:09:51.271529]: {u'password': u'', u'login': u'422QQNhnhX8hmMEkF3TWePWSvKm6DiV7sS3Za2dXrynsJ1w8U6AzwjEdnewdhmP3CDaqvaS6BjEjGMK9mnumtufvLmz5HJi', u'identifier': u'handshake', u'userid': u'', u'pool': u'moneroocean.stream'}
[4299acc9:2018-01-20T15:10:15.048171]: {u'password': u'', u'login': u'422QQNhnhX8hmMEkF3TWePWSvKm6DiV7sS3Za2dXrynsJ1w8U6AzwjEdnewdhmP3CDaqvaS6BjEjGMK9mnumtufvLmz5HJi', u'identifier': u'handshake', u'userid': u'', u'pool': u'moneroocean.stream'}
[0b88343e:2018-01-20T15:10:25.819070]: {u'password': u'', u'login': u'422QQNhnhX8hmMEkF3TWePWSvKm6DiV7sS3Za2dXrynsJ1w8U6AzwjEdnewdhmP3CDaqvaS6BjEjGMK9mnumtufvLmz5HJi', u'identifier': u'handshake', u'userid': u'', u'pool': u'moneroocean.stream'}
[5d4e7212:2018-01-20T15:10:41.970295]: {u'password': u'', u'login': u'422QQNhnhX8hmMEkF3TWePWSvKm6DiV7sS3Za2dXrynsJ1w8U6AzwjEdnewdhmP3CDaqvaS6BjEjGMK9mnumtufvLmz5HJi', u'identifier': u'handshake', u'userid': u'', u'pool': u'moneroocean.stream'}
[52077f3f:2018-01-20T15:11:03.382678]: {u'password': u'', u'login': u'422QQNhnhX8hmMEkF3TWePWSvKm6DiV7sS3Za2dXrynsJ1w8U6AzwjEdnewdhmP3CDaqvaS6BjEjGMK9mnumtufvLmz5HJi', u'identifier': u'handshake', u'userid': u'', u'pool': u'moneroocean.stream'}
[7356e721:2018-01-20T15:11:26.634362]: {u'password': u'', u'login': u'422QQNhnhX8hmMEkF3TWePWSvKm6DiV7sS3Za2dXrynsJ1w8U6AzwjEdnewdhmP3CDaqvaS6BjEjGMK9mnumtufvLmz5HJi', u'identifier': u'handshake', u'userid': u'', u'pool': u'moneroocean.stream'}
[ba8b18bf:2018-01-20T15:11:28.158492]: {u'password': u'', u'login': u'422QQNhnhX8hmMEkF3TWePWSvKm6DiV7sS3Za2dXrynsJ1w8U6AzwjEdnewdhmP3CDaqvaS6BjEjGMK9mnumtufvLmz5HJi', u'identifier': u'handshake', u'userid': u'', u'pool': u'moneroocean.stream'}
[211ec2e0:2018-01-20T15:12:01.045983]: {u'password': u'', u'login': u'422QQNhnhX8hmMEkF3TWePWSvKm6DiV7sS3Za2dXrynsJ1w8U6AzwjEdnewdhmP3CDaqvaS6BjEjGMK9mnumtufvLmz5HJi', u'identifier': u'handshake', u'userid': u'', u'pool': u'moneroocean.stream'}
[31380e5f:2018-01-20T15:12:20.420000]: {u'password': u'', u'login': u'422QQNhnhX8hmMEkF3TWePWSvKm6DiV7sS3Za2dXrynsJ1w8U6AzwjEdnewdhmP3CDaqvaS6BjEjGMK9mnumtufvLmz5HJi', u'identifier': u'handshake', u'userid': u'', u'pool': u'moneroocean.stream'}
[04f90b5d:2018-01-20T15:12:44.188286]: {u'password': u'', u'login': u'422QQNhnhX8hmMEkF3TWePWSvKm6DiV7sS3Za2dXrynsJ1w8U6AzwjEdnewdhmP3CDaqvaS6BjEjGMK9mnumtufvLmz5HJi', u'identifier': u'handshake', u'userid': u'', u'pool': u'moneroocean.stream'}
[72bc7efd:2018-01-20T15:13:08.518469]: {u'password': u'', u'login': u'422QQNhnhX8hmMEkF3TWePWSvKm6DiV7sS3Za2dXrynsJ1w8U6AzwjEdnewdhmP3CDaqvaS6BjEjGMK9mnumtufvLmz5HJi', u'identifier': u'handshake', u'userid': u'', u'pool': u'moneroocean.stream'}
[cb57602d:2018-01-20T15:13:37.240436]: {u'password': u'', u'login': u'422QQNhnhX8hmMEkF3TWePWSvKm6DiV7sS3Za2dXrynsJ1w8U6AzwjEdnewdhmP3CDaqvaS6BjEjGMK9mnumtufvLmz5HJi', u'identifier': u'handshake', u'userid': u'', u'pool': u'moneroocean.stream'}
[376a288a:2018-01-20T15:13:52.305248]: {u'password': u'', u'login': u'422QQNhnhX8hmMEkF3TWePWSvKm6DiV7sS3Za2dXrynsJ1w8U6AzwjEdnewdhmP3CDaqvaS6BjEjGMK9mnumtufvLmz5HJi', u'identifier': u'handshake', u'userid': u'', u'pool': u'moneroocean.stream'}
[e9d2bcc2:2018-01-20T15:14:20.455452]: {u'password': u'', u'login': u'422QQNhnhX8hmMEkF3TWePWSvKm6DiV7sS3Za2dXrynsJ1w8U6AzwjEdnewdhmP3CDaqvaS6BjEjGMK9mnumtufvLmz5HJi', u'identifier': u'handshake', u'userid': u'', u'pool': u'moneroocean.stream'}
[e16c3c33:2018-01-20T15:14:46.305492]: {u'password': u'', u'login': u'422QQNhnhX8hmMEkF3TWePWSvKm6DiV7sS3Za2dXrynsJ1w8U6AzwjEdnewdhmP3CDaqvaS6BjEjGMK9mnumtufvLmz5HJi', u'identifier': u'handshake', u'userid': u'', u'pool': u'moneroocean.stream'}
[04648c8b:2018-01-20T15:15:02.855933]: {u'password': u'', u'login': u'422QQNhnhX8hmMEkF3TWePWSvKm6DiV7sS3Za2dXrynsJ1w8U6AzwjEdnewdhmP3CDaqvaS6BjEjGMK9mnumtufvLmz5HJi', u'identifier': u'handshake', u'userid': u'', u'pool': u'moneroocean.stream'}
[9629ed5c:2018-01-20T15:15:27.149262]: {u'password': u'', u'login': u'422QQNhnhX8hmMEkF3TWePWSvKm6DiV7sS3Za2dXrynsJ1w8U6AzwjEdnewdhmP3CDaqvaS6BjEjGMK9mnumtufvLmz5HJi', u'identifier': u'handshake', u'userid': u'', u'pool': u'moneroocean.stream'}
[bbddedd2:2018-01-20T15:15:28.242855]: {u'password': u'', u'login': u'422QQNhnhX8hmMEkF3TWePWSvKm6DiV7sS3Za2dXrynsJ1w8U6AzwjEdnewdhmP3CDaqvaS6BjEjGMK9mnumtufvLmz5HJi', u'identifier': u'handshake', u'userid': u'', u'pool': u'moneroocean.stream'}
[33f83efe:2018-01-20T15:15:51.216643]: {u'password': u'', u'login': u'422QQNhnhX8hmMEkF3TWePWSvKm6DiV7sS3Za2dXrynsJ1w8U6AzwjEdnewdhmP3CDaqvaS6BjEjGMK9mnumtufvLmz5HJi', u'identifier': u'handshake', u'userid': u'', u'pool': u'moneroocean.stream'}
[0b829f4c:2018-01-20T15:16:18.261309]: {u'password': u'', u'login': u'422QQNhnhX8hmMEkF3TWePWSvKm6DiV7sS3Za2dXrynsJ1w8U6AzwjEdnewdhmP3CDaqvaS6BjEjGMK9mnumtufvLmz5HJi', u'identifier': u'handshake', u'userid': u'', u'pool': u'moneroocean.stream'}
[fa2dfb79:2018-01-20T15:16:50.298037]: {u'password': u'', u'login': u'422QQNhnhX8hmMEkF3TWePWSvKm6DiV7sS3Za2dXrynsJ1w8U6AzwjEdnewdhmP3CDaqvaS6BjEjGMK9mnumtufvLmz5HJi', u'identifier': u'handshake', u'userid': u'', u'pool': u'moneroocean.stream'}
[b1b84a99:2018-01-20T15:17:08.354270]: {u'password': u'', u'login': u'422QQNhnhX8hmMEkF3TWePWSvKm6DiV7sS3Za2dXrynsJ1w8U6AzwjEdnewdhmP3CDaqvaS6BjEjGMK9mnumtufvLmz5HJi', u'identifier': u'handshake', u'userid': u'', u'pool': u'moneroocean.stream'}
[cc212d2b:2018-01-20T15:17:30.989040]: {u'password': u'', u'login': u'422QQNhnhX8hmMEkF3TWePWSvKm6DiV7sS3Za2dXrynsJ1w8U6AzwjEdnewdhmP3CDaqvaS6BjEjGMK9mnumtufvLmz5HJi', u'identifier': u'handshake', u'userid': u'', u'pool': u'moneroocean.stream'}
[47296c1e:2018-01-20T15:17:52.148248]: {u'password': u'', u'login': u'422QQNhnhX8hmMEkF3TWePWSvKm6DiV7sS3Za2dXrynsJ1w8U6AzwjEdnewdhmP3CDaqvaS6BjEjGMK9mnumtufvLmz5HJi', u'identifier': u'handshake', u'userid': u'', u'pool': u'moneroocean.stream'}
[7086eb77:2018-01-20T15:18:14.504407]: {u'password': u'', u'login': u'422QQNhnhX8hmMEkF3TWePWSvKm6DiV7sS3Za2dXrynsJ1w8U6AzwjEdnewdhmP3CDaqvaS6BjEjGMK9mnumtufvLmz5HJi', u'identifier': u'handshake', u'userid': u'', u'pool': u'moneroocean.stream'}
[e014784a:2018-01-20T15:18:27.533116]: {u'password': u'', u'login': u'422QQNhnhX8hmMEkF3TWePWSvKm6DiV7sS3Za2dXrynsJ1w8U6AzwjEdnewdhmP3CDaqvaS6BjEjGMK9mnumtufvLmz5HJi', u'identifier': u'handshake', u'userid': u'', u'pool': u'moneroocean.stream'}
[5cf89688:2018-01-20T15:18:28.112911]: {u'password': u'', u'login': u'422QQNhnhX8hmMEkF3TWePWSvKm6DiV7sS3Za2dXrynsJ1w8U6AzwjEdnewdhmP3CDaqvaS6BjEjGMK9mnumtufvLmz5HJi', u'identifier': u'handshake', u'userid': u'', u'pool': u'moneroocean.stream'}
[230cce49:2018-01-20T15:18:50.354229]: {u'password': u'', u'login': u'422QQNhnhX8hmMEkF3TWePWSvKm6DiV7sS3Za2dXrynsJ1w8U6AzwjEdnewdhmP3CDaqvaS6BjEjGMK9mnumtufvLmz5HJi', u'identifier': u'handshake', u'userid': u'', u'pool': u'moneroocean.stream'}
[e93944ba:2018-01-20T15:19:11.816488]: {u'password': u'', u'login': u'422QQNhnhX8hmMEkF3TWePWSvKm6DiV7sS3Za2dXrynsJ1w8U6AzwjEdnewdhmP3CDaqvaS6BjEjGMK9mnumtufvLmz5HJi', u'identifier': u'handshake', u'userid': u'', u'pool': u'moneroocean.stream'}
[b80d2cee:2018-01-20T15:19:35.104153]: {u'password': u'', u'login': u'422QQNhnhX8hmMEkF3TWePWSvKm6DiV7sS3Za2dXrynsJ1w8U6AzwjEdnewdhmP3CDaqvaS6BjEjGMK9mnumtufvLmz5HJi', u'identifier': u'handshake', u'userid': u'', u'pool': u'moneroocean.stream'}
[7a813462:2018-01-20T15:19:59.866479]: {u'password': u'', u'login': u'422QQNhnhX8hmMEkF3TWePWSvKm6DiV7sS3Za2dXrynsJ1w8U6AzwjEdnewdhmP3CDaqvaS6BjEjGMK9mnumtufvLmz5HJi', u'identifier': u'handshake', u'userid': u'', u'pool': u'moneroocean.stream'}
[17de0c48:2018-01-20T15:20:19.603964]: {u'password': u'', u'login': u'422QQNhnhX8hmMEkF3TWePWSvKm6DiV7sS3Za2dXrynsJ1w8U6AzwjEdnewdhmP3CDaqvaS6BjEjGMK9mnumtufvLmz5HJi', u'identifier': u'handshake', u'userid': u'', u'pool': u'moneroocean.stream'}
[38db3327:2018-01-20T15:20:41.953886]: {u'password': u'', u'login': u'422QQNhnhX8hmMEkF3TWePWSvKm6DiV7sS3Za2dXrynsJ1w8U6AzwjEdnewdhmP3CDaqvaS6BjEjGMK9mnumtufvLmz5HJi', u'identifier': u'handshake', u'userid': u'', u'pool': u'moneroocean.stream'}
[57375318:2018-01-20T15:21:06.359375]: {u'password': u'', u'login': u'422QQNhnhX8hmMEkF3TWePWSvKm6DiV7sS3Za2dXrynsJ1w8U6AzwjEdnewdhmP3CDaqvaS6BjEjGMK9mnumtufvLmz5HJi', u'identifier': u'handshake', u'userid': u'', u'pool': u'moneroocean.stream'}
[05df1f9f:2018-01-20T15:21:17.298781]: {u'password': u'', u'login': u'422QQNhnhX8hmMEkF3TWePWSvKm6DiV7sS3Za2dXrynsJ1w8U6AzwjEdnewdhmP3CDaqvaS6BjEjGMK9mnumtufvLmz5HJi', u'identifier': u'handshake', u'userid': u'', u'pool': u'moneroocean.stream'}
[5aba27d9:2018-01-20T15:21:28.253709]: {u'password': u'', u'login': u'422QQNhnhX8hmMEkF3TWePWSvKm6DiV7sS3Za2dXrynsJ1w8U6AzwjEdnewdhmP3CDaqvaS6BjEjGMK9mnumtufvLmz5HJi', u'identifier': u'handshake', u'userid': u'', u'pool': u'moneroocean.stream'}
[684a0684:2018-01-20T15:21:46.753625]: {u'password': u'', u'login': u'422QQNhnhX8hmMEkF3TWePWSvKm6DiV7sS3Za2dXrynsJ1w8U6AzwjEdnewdhmP3CDaqvaS6BjEjGMK9mnumtufvLmz5HJi', u'identifier': u'handshake', u'userid': u'', u'pool': u'moneroocean.stream'}
[ba54c4d6:2018-01-20T15:21:48.153540]: {u'password': u'', u'login': u'422QQNhnhX8hmMEkF3TWePWSvKm6DiV7sS3Za2dXrynsJ1w8U6AzwjEdnewdhmP3CDaqvaS6BjEjGMK9mnumtufvLmz5HJi', u'identifier': u'handshake', u'userid': u'', u'pool': u'moneroocean.stream'}
[80e8c56e:2018-01-20T15:22:06.753571]: {u'password': u'', u'login': u'422QQNhnhX8hmMEkF3TWePWSvKm6DiV7sS3Za2dXrynsJ1w8U6AzwjEdnewdhmP3CDaqvaS6BjEjGMK9mnumtufvLmz5HJi', u'identifier': u'handshake', u'userid': u'', u'pool': u'moneroocean.stream'}
[3633f6c8:2018-01-20T15:22:16.862555]: {u'password': u'', u'login': u'422QQNhnhX8hmMEkF3TWePWSvKm6DiV7sS3Za2dXrynsJ1w8U6AzwjEdnewdhmP3CDaqvaS6BjEjGMK9mnumtufvLmz5HJi', u'identifier': u'handshake', u'userid': u'', u'pool': u'moneroocean.stream'}
[bc790dd2:2018-01-20T15:22:27.503585]: {u'password': u'', u'login': u'422QQNhnhX8hmMEkF3TWePWSvKm6DiV7sS3Za2dXrynsJ1w8U6AzwjEdnewdhmP3CDaqvaS6BjEjGMK9mnumtufvLmz5HJi', u'identifier': u'handshake', u'userid': u'', u'pool': u'moneroocean.stream'}
[4ccb65a0:2018-01-20T15:22:38.603448]: {u'password': u'', u'login': u'422QQNhnhX8hmMEkF3TWePWSvKm6DiV7sS3Za2dXrynsJ1w8U6AzwjEdnewdhmP3CDaqvaS6BjEjGMK9mnumtufvLmz5HJi', u'identifier': u'handshake', u'userid': u'', u'pool': u'moneroocean.stream'}
[5ce94564:2018-01-20T15:22:59.512189]: {u'password': u'', u'login': u'422QQNhnhX8hmMEkF3TWePWSvKm6DiV7sS3Za2dXrynsJ1w8U6AzwjEdnewdhmP3CDaqvaS6BjEjGMK9mnumtufvLmz5HJi', u'identifier': u'handshake', u'userid': u'', u'pool': u'moneroocean.stream'}
[305e762d:2018-01-20T15:23:22.103350]: {u'password': u'', u'login': u'422QQNhnhX8hmMEkF3TWePWSvKm6DiV7sS3Za2dXrynsJ1w8U6AzwjEdnewdhmP3CDaqvaS6BjEjGMK9mnumtufvLmz5HJi', u'identifier': u'handshake', u'userid': u'', u'pool': u'moneroocean.stream'}
[41ef228e:2018-01-20T15:23:42.160245]: {u'password': u'', u'login': u'422QQNhnhX8hmMEkF3TWePWSvKm6DiV7sS3Za2dXrynsJ1w8U6AzwjEdnewdhmP3CDaqvaS6BjEjGMK9mnumtufvLmz5HJi', u'identifier': u'handshake', u'userid': u'', u'pool': u'moneroocean.stream'}
[6043f583:2018-01-20T15:24:06.176866]: {u'password': u'', u'login': u'422QQNhnhX8hmMEkF3TWePWSvKm6DiV7sS3Za2dXrynsJ1w8U6AzwjEdnewdhmP3CDaqvaS6BjEjGMK9mnumtufvLmz5HJi', u'identifier': u'handshake', u'userid': u'', u'pool': u'moneroocean.stream'}
[75e9cb24:2018-01-20T15:24:19.525611]: {u'password': u'', u'login': u'422QQNhnhX8hmMEkF3TWePWSvKm6DiV7sS3Za2dXrynsJ1w8U6AzwjEdnewdhmP3CDaqvaS6BjEjGMK9mnumtufvLmz5HJi', u'identifier': u'handshake', u'userid': u'', u'pool': u'moneroocean.stream'}
[a77689a9:2018-01-20T15:24:53.147286]: {u'password': u'', u'login': u'422QQNhnhX8hmMEkF3TWePWSvKm6DiV7sS3Za2dXrynsJ1w8U6AzwjEdnewdhmP3CDaqvaS6BjEjGMK9mnumtufvLmz5HJi', u'identifier': u'handshake', u'userid': u'', u'pool': u'moneroocean.stream'}
[2deb9a7d:2018-01-20T15:25:16.224010]: {u'password': u'', u'login': u'422QQNhnhX8hmMEkF3TWePWSvKm6DiV7sS3Za2dXrynsJ1w8U6AzwjEdnewdhmP3CDaqvaS6BjEjGMK9mnumtufvLmz5HJi', u'identifier': u'handshake', u'userid': u'', u'pool': u'moneroocean.stream'}
[7716a711:2018-01-20T15:25:31.166040]: {u'password': u'', u'login': u'422QQNhnhX8hmMEkF3TWePWSvKm6DiV7sS3Za2dXrynsJ1w8U6AzwjEdnewdhmP3CDaqvaS6BjEjGMK9mnumtufvLmz5HJi', u'identifier': u'handshake', u'userid': u'', u'pool': u'moneroocean.stream'}
[5f2542c8:2018-01-20T15:25:57.935657]: {u'password': u'', u'login': u'422QQNhnhX8hmMEkF3TWePWSvKm6DiV7sS3Za2dXrynsJ1w8U6AzwjEdnewdhmP3CDaqvaS6BjEjGMK9mnumtufvLmz5HJi', u'identifier': u'handshake', u'userid': u'', u'pool': u'moneroocean.stream'}
[20346bb3:2018-01-20T15:26:20.613799]: {u'password': u'', u'login': u'422QQNhnhX8hmMEkF3TWePWSvKm6DiV7sS3Za2dXrynsJ1w8U6AzwjEdnewdhmP3CDaqvaS6BjEjGMK9mnumtufvLmz5HJi', u'identifier': u'handshake', u'userid': u'', u'pool': u'moneroocean.stream'}
[11e4b251:2018-01-20T15:26:42.746754]: {u'password': u'', u'login': u'422QQNhnhX8hmMEkF3TWePWSvKm6DiV7sS3Za2dXrynsJ1w8U6AzwjEdnewdhmP3CDaqvaS6BjEjGMK9mnumtufvLmz5HJi', u'identifier': u'handshake', u'userid': u'', u'pool': u'moneroocean.stream'}
[6d268694:2018-01-20T15:27:08.909170]: {u'password': u'', u'login': u'422QQNhnhX8hmMEkF3TWePWSvKm6DiV7sS3Za2dXrynsJ1w8U6AzwjEdnewdhmP3CDaqvaS6BjEjGMK9mnumtufvLmz5HJi', u'identifier': u'handshake', u'userid': u'', u'pool': u'moneroocean.stream'}
[59cbcab2:2018-01-20T15:27:35.160489]: {u'password': u'', u'login': u'422QQNhnhX8hmMEkF3TWePWSvKm6DiV7sS3Za2dXrynsJ1w8U6AzwjEdnewdhmP3CDaqvaS6BjEjGMK9mnumtufvLmz5HJi', u'identifier': u'handshake', u'userid': u'', u'pool': u'moneroocean.stream'}
[12ca3813:2018-01-20T15:28:02.480886]: {u'password': u'', u'login': u'422QQNhnhX8hmMEkF3TWePWSvKm6DiV7sS3Za2dXrynsJ1w8U6AzwjEdnewdhmP3CDaqvaS6BjEjGMK9mnumtufvLmz5HJi', u'identifier': u'handshake', u'userid': u'', u'pool': u'moneroocean.stream'}
[38add121:2018-01-20T15:28:27.887441]: {u'password': u'', u'login': u'422QQNhnhX8hmMEkF3TWePWSvKm6DiV7sS3Za2dXrynsJ1w8U6AzwjEdnewdhmP3CDaqvaS6BjEjGMK9mnumtufvLmz5HJi', u'identifier': u'handshake', u'userid': u'', u'pool': u'moneroocean.stream'}
[1a522b85:2018-01-20T15:28:28.201287]: {u'password': u'', u'login': u'422QQNhnhX8hmMEkF3TWePWSvKm6DiV7sS3Za2dXrynsJ1w8U6AzwjEdnewdhmP3CDaqvaS6BjEjGMK9mnumtufvLmz5HJi', u'identifier': u'handshake', u'userid': u'', u'pool': u'moneroocean.stream'}
[b7efeda3:2018-01-20T15:29:05.171479]: {u'password': u'', u'login': u'422QQNhnhX8hmMEkF3TWePWSvKm6DiV7sS3Za2dXrynsJ1w8U6AzwjEdnewdhmP3CDaqvaS6BjEjGMK9mnumtufvLmz5HJi', u'identifier': u'handshake', u'userid': u'', u'pool': u'moneroocean.stream'}
[869218d2:2018-01-20T15:29:37.459730]: {u'password': u'', u'login': u'422QQNhnhX8hmMEkF3TWePWSvKm6DiV7sS3Za2dXrynsJ1w8U6AzwjEdnewdhmP3CDaqvaS6BjEjGMK9mnumtufvLmz5HJi', u'identifier': u'handshake', u'userid': u'', u'pool': u'moneroocean.stream'}
[455ccd17:2018-01-20T15:29:38.156357]: {u'password': u'', u'login': u'422QQNhnhX8hmMEkF3TWePWSvKm6DiV7sS3Za2dXrynsJ1w8U6AzwjEdnewdhmP3CDaqvaS6BjEjGMK9mnumtufvLmz5HJi', u'identifier': u'handshake', u'userid': u'', u'pool': u'moneroocean.stream'}
[9c09b27c:2018-01-20T15:30:04.574328]: {u'password': u'', u'login': u'422QQNhnhX8hmMEkF3TWePWSvKm6DiV7sS3Za2dXrynsJ1w8U6AzwjEdnewdhmP3CDaqvaS6BjEjGMK9mnumtufvLmz5HJi', u'identifier': u'handshake', u'userid': u'', u'pool': u'moneroocean.stream'}
[b71c82b2:2018-01-20T15:30:37.275569]: {u'password': u'', u'login': u'422QQNhnhX8hmMEkF3TWePWSvKm6DiV7sS3Za2dXrynsJ1w8U6AzwjEdnewdhmP3CDaqvaS6BjEjGMK9mnumtufvLmz5HJi', u'identifier': u'handshake', u'userid': u'', u'pool': u'moneroocean.stream'}
[7efb3717:2018-01-20T15:30:38.253993]: {u'password': u'', u'login': u'422QQNhnhX8hmMEkF3TWePWSvKm6DiV7sS3Za2dXrynsJ1w8U6AzwjEdnewdhmP3CDaqvaS6BjEjGMK9mnumtufvLmz5HJi', u'identifier': u'handshake', u'userid': u'', u'pool': u'moneroocean.stream'}
[e89cf835:2018-01-20T15:31:03.786940]: {u'password': u'', u'login': u'422QQNhnhX8hmMEkF3TWePWSvKm6DiV7sS3Za2dXrynsJ1w8U6AzwjEdnewdhmP3CDaqvaS6BjEjGMK9mnumtufvLmz5HJi', u'identifier': u'handshake', u'userid': u'', u'pool': u'moneroocean.stream'}
[1373add3:2018-01-20T15:31:29.459763]: {u'password': u'', u'login': u'422QQNhnhX8hmMEkF3TWePWSvKm6DiV7sS3Za2dXrynsJ1w8U6AzwjEdnewdhmP3CDaqvaS6BjEjGMK9mnumtufvLmz5HJi', u'identifier': u'handshake', u'userid': u'', u'pool': u'moneroocean.stream'}
[0b40e69a:2018-01-20T15:31:53.124014]: {u'password': u'', u'login': u'422QQNhnhX8hmMEkF3TWePWSvKm6DiV7sS3Za2dXrynsJ1w8U6AzwjEdnewdhmP3CDaqvaS6BjEjGMK9mnumtufvLmz5HJi', u'identifier': u'handshake', u'userid': u'', u'pool': u'moneroocean.stream'}
[4be60de5:2018-01-20T15:32:25.093169]: {u'password': u'', u'login': u'422QQNhnhX8hmMEkF3TWePWSvKm6DiV7sS3Za2dXrynsJ1w8U6AzwjEdnewdhmP3CDaqvaS6BjEjGMK9mnumtufvLmz5HJi', u'identifier': u'handshake', u'userid': u'', u'pool': u'moneroocean.stream'}
[9a0fa86a:2018-01-20T15:32:59.231870]: {u'password': u'', u'login': u'422QQNhnhX8hmMEkF3TWePWSvKm6DiV7sS3Za2dXrynsJ1w8U6AzwjEdnewdhmP3CDaqvaS6BjEjGMK9mnumtufvLmz5HJi', u'identifier': u'handshake', u'userid': u'', u'pool': u'moneroocean.stream'}
[35e395a1:2018-01-20T15:33:31.752813]: {u'password': u'', u'login': u'422QQNhnhX8hmMEkF3TWePWSvKm6DiV7sS3Za2dXrynsJ1w8U6AzwjEdnewdhmP3CDaqvaS6BjEjGMK9mnumtufvLmz5HJi', u'identifier': u'handshake', u'userid': u'', u'pool': u'moneroocean.stream'}
[e502d730:2018-01-20T15:34:09.374924]: {u'password': u'', u'login': u'422QQNhnhX8hmMEkF3TWePWSvKm6DiV7sS3Za2dXrynsJ1w8U6AzwjEdnewdhmP3CDaqvaS6BjEjGMK9mnumtufvLmz5HJi', u'identifier': u'handshake', u'userid': u'', u'pool': u'moneroocean.stream'}
[e4319036:2018-01-20T15:34:35.901908]: {u'password': u'', u'login': u'422QQNhnhX8hmMEkF3TWePWSvKm6DiV7sS3Za2dXrynsJ1w8U6AzwjEdnewdhmP3CDaqvaS6BjEjGMK9mnumtufvLmz5HJi', u'identifier': u'handshake', u'userid': u'', u'pool': u'moneroocean.stream'}
[e53915f3:2018-01-20T15:35:03.500212]: {u'password': u'', u'login': u'422QQNhnhX8hmMEkF3TWePWSvKm6DiV7sS3Za2dXrynsJ1w8U6AzwjEdnewdhmP3CDaqvaS6BjEjGMK9mnumtufvLmz5HJi', u'identifier': u'handshake', u'userid': u'', u'pool': u'moneroocean.stream'}
[bf2a6267:2018-01-20T15:35:29.859497]: {u'password': u'', u'login': u'422QQNhnhX8hmMEkF3TWePWSvKm6DiV7sS3Za2dXrynsJ1w8U6AzwjEdnewdhmP3CDaqvaS6BjEjGMK9mnumtufvLmz5HJi', u'identifier': u'handshake', u'userid': u'', u'pool': u'moneroocean.stream'}
[3a0fd8bc:2018-01-20T15:35:56.588312]: {u'password': u'', u'login': u'422QQNhnhX8hmMEkF3TWePWSvKm6DiV7sS3Za2dXrynsJ1w8U6AzwjEdnewdhmP3CDaqvaS6BjEjGMK9mnumtufvLmz5HJi', u'identifier': u'handshake', u'userid': u'', u'pool': u'moneroocean.stream'}
[c2709d5d:2018-01-20T15:36:09.800754]: {u'password': u'', u'login': u'422QQNhnhX8hmMEkF3TWePWSvKm6DiV7sS3Za2dXrynsJ1w8U6AzwjEdnewdhmP3CDaqvaS6BjEjGMK9mnumtufvLmz5HJi', u'identifier': u'handshake', u'userid': u'', u'pool': u'moneroocean.stream'}
[3bf8b8c1:2018-01-20T15:36:37.738366]: {u'password': u'', u'login': u'422QQNhnhX8hmMEkF3TWePWSvKm6DiV7sS3Za2dXrynsJ1w8U6AzwjEdnewdhmP3CDaqvaS6BjEjGMK9mnumtufvLmz5HJi', u'identifier': u'handshake', u'userid': u'', u'pool': u'moneroocean.stream'}
[4129d6c6:2018-01-20T15:36:38.199107]: {u'password': u'', u'login': u'422QQNhnhX8hmMEkF3TWePWSvKm6DiV7sS3Za2dXrynsJ1w8U6AzwjEdnewdhmP3CDaqvaS6BjEjGMK9mnumtufvLmz5HJi', u'identifier': u'handshake', u'userid': u'', u'pool': u'moneroocean.stream'}
[89a3cc6b:2018-01-20T15:36:59.395323]: {u'password': u'', u'login': u'422QQNhnhX8hmMEkF3TWePWSvKm6DiV7sS3Za2dXrynsJ1w8U6AzwjEdnewdhmP3CDaqvaS6BjEjGMK9mnumtufvLmz5HJi', u'identifier': u'handshake', u'userid': u'', u'pool': u'moneroocean.stream'}
[c678a2ea:2018-01-20T15:37:31.802402]: {u'password': u'', u'login': u'422QQNhnhX8hmMEkF3TWePWSvKm6DiV7sS3Za2dXrynsJ1w8U6AzwjEdnewdhmP3CDaqvaS6BjEjGMK9mnumtufvLmz5HJi', u'identifier': u'handshake', u'userid': u'', u'pool': u'moneroocean.stream'}
[55e5c116:2018-01-20T15:37:59.247445]: {u'password': u'', u'login': u'422QQNhnhX8hmMEkF3TWePWSvKm6DiV7sS3Za2dXrynsJ1w8U6AzwjEdnewdhmP3CDaqvaS6BjEjGMK9mnumtufvLmz5HJi', u'identifier': u'handshake', u'userid': u'', u'pool': u'moneroocean.stream'}
[8ad72953:2018-01-20T15:38:25.139955]: {u'password': u'', u'login': u'422QQNhnhX8hmMEkF3TWePWSvKm6DiV7sS3Za2dXrynsJ1w8U6AzwjEdnewdhmP3CDaqvaS6BjEjGMK9mnumtufvLmz5HJi', u'identifier': u'handshake', u'userid': u'', u'pool': u'moneroocean.stream'}
[527ffeaa:2018-01-20T15:38:58.324962]: {u'password': u'', u'login': u'422QQNhnhX8hmMEkF3TWePWSvKm6DiV7sS3Za2dXrynsJ1w8U6AzwjEdnewdhmP3CDaqvaS6BjEjGMK9mnumtufvLmz5HJi', u'identifier': u'handshake', u'userid': u'', u'pool': u'moneroocean.stream'}
[a939a929:2018-01-20T15:39:21.590024]: {u'password': u'', u'login': u'422QQNhnhX8hmMEkF3TWePWSvKm6DiV7sS3Za2dXrynsJ1w8U6AzwjEdnewdhmP3CDaqvaS6BjEjGMK9mnumtufvLmz5HJi', u'identifier': u'handshake', u'userid': u'', u'pool': u'moneroocean.stream'}
[989269a0:2018-01-20T15:39:46.993941]: {u'password': u'', u'login': u'422QQNhnhX8hmMEkF3TWePWSvKm6DiV7sS3Za2dXrynsJ1w8U6AzwjEdnewdhmP3CDaqvaS6BjEjGMK9mnumtufvLmz5HJi', u'identifier': u'handshake', u'userid': u'', u'pool': u'moneroocean.stream'}
[a26f4e4d:2018-01-20T15:39:48.312198]: {u'password': u'', u'login': u'422QQNhnhX8hmMEkF3TWePWSvKm6DiV7sS3Za2dXrynsJ1w8U6AzwjEdnewdhmP3CDaqvaS6BjEjGMK9mnumtufvLmz5HJi', u'identifier': u'handshake', u'userid': u'', u'pool': u'moneroocean.stream'}
[dc8dfb52:2018-01-20T15:40:10.602002]: {u'password': u'', u'login': u'422QQNhnhX8hmMEkF3TWePWSvKm6DiV7sS3Za2dXrynsJ1w8U6AzwjEdnewdhmP3CDaqvaS6BjEjGMK9mnumtufvLmz5HJi', u'identifier': u'handshake', u'userid': u'', u'pool': u'moneroocean.stream'}
[c347f715:2018-01-20T15:40:37.862320]: {u'password': u'', u'login': u'422QQNhnhX8hmMEkF3TWePWSvKm6DiV7sS3Za2dXrynsJ1w8U6AzwjEdnewdhmP3CDaqvaS6BjEjGMK9mnumtufvLmz5HJi', u'identifier': u'handshake', u'userid': u'', u'pool': u'moneroocean.stream'}
[72ad1759:2018-01-20T15:40:51.984459]: {u'password': u'', u'login': u'422QQNhnhX8hmMEkF3TWePWSvKm6DiV7sS3Za2dXrynsJ1w8U6AzwjEdnewdhmP3CDaqvaS6BjEjGMK9mnumtufvLmz5HJi', u'identifier': u'handshake', u'userid': u'', u'pool': u'moneroocean.stream'}
[d4d0e3ba:2018-01-20T15:41:14.606761]: {u'password': u'', u'login': u'422QQNhnhX8hmMEkF3TWePWSvKm6DiV7sS3Za2dXrynsJ1w8U6AzwjEdnewdhmP3CDaqvaS6BjEjGMK9mnumtufvLmz5HJi', u'identifier': u'handshake', u'userid': u'', u'pool': u'moneroocean.stream'}
[9f0c78d4:2018-01-20T15:41:27.876173]: {u'password': u'', u'login': u'422QQNhnhX8hmMEkF3TWePWSvKm6DiV7sS3Za2dXrynsJ1w8U6AzwjEdnewdhmP3CDaqvaS6BjEjGMK9mnumtufvLmz5HJi', u'identifier': u'handshake', u'userid': u'', u'pool': u'moneroocean.stream'}
[b7c2aa2c:2018-01-20T15:41:28.179184]: {u'password': u'', u'login': u'422QQNhnhX8hmMEkF3TWePWSvKm6DiV7sS3Za2dXrynsJ1w8U6AzwjEdnewdhmP3CDaqvaS6BjEjGMK9mnumtufvLmz5HJi', u'identifier': u'handshake', u'userid': u'', u'pool': u'moneroocean.stream'}
[d8365d30:2018-01-20T15:41:45.149624]: {u'password': u'', u'login': u'422QQNhnhX8hmMEkF3TWePWSvKm6DiV7sS3Za2dXrynsJ1w8U6AzwjEdnewdhmP3CDaqvaS6BjEjGMK9mnumtufvLmz5HJi', u'identifier': u'handshake', u'userid': u'', u'pool': u'moneroocean.stream'}
[7b1c5d9d:2018-01-20T15:42:01.761961]: {u'password': u'', u'login': u'422QQNhnhX8hmMEkF3TWePWSvKm6DiV7sS3Za2dXrynsJ1w8U6AzwjEdnewdhmP3CDaqvaS6BjEjGMK9mnumtufvLmz5HJi', u'identifier': u'handshake', u'userid': u'', u'pool': u'moneroocean.stream'}
[83500fec:2018-01-20T15:42:32.537880]: {u'password': u'', u'login': u'422QQNhnhX8hmMEkF3TWePWSvKm6DiV7sS3Za2dXrynsJ1w8U6AzwjEdnewdhmP3CDaqvaS6BjEjGMK9mnumtufvLmz5HJi', u'identifier': u'handshake', u'userid': u'', u'pool': u'moneroocean.stream'}
[c9aebb7e:2018-01-20T15:42:59.633059]: {u'password': u'', u'login': u'422QQNhnhX8hmMEkF3TWePWSvKm6DiV7sS3Za2dXrynsJ1w8U6AzwjEdnewdhmP3CDaqvaS6BjEjGMK9mnumtufvLmz5HJi', u'identifier': u'handshake', u'userid': u'', u'pool': u'moneroocean.stream'}
[5035a990:2018-01-20T15:43:30.177047]: {u'password': u'', u'login': u'422QQNhnhX8hmMEkF3TWePWSvKm6DiV7sS3Za2dXrynsJ1w8U6AzwjEdnewdhmP3CDaqvaS6BjEjGMK9mnumtufvLmz5HJi', u'identifier': u'handshake', u'userid': u'', u'pool': u'moneroocean.stream'}
[10b11c9c:2018-01-20T15:44:01.155493]: {u'password': u'', u'login': u'422QQNhnhX8hmMEkF3TWePWSvKm6DiV7sS3Za2dXrynsJ1w8U6AzwjEdnewdhmP3CDaqvaS6BjEjGMK9mnumtufvLmz5HJi', u'identifier': u'handshake', u'userid': u'', u'pool': u'moneroocean.stream'}
[d3bd0575:2018-01-20T15:44:27.917043]: {u'password': u'', u'login': u'422QQNhnhX8hmMEkF3TWePWSvKm6DiV7sS3Za2dXrynsJ1w8U6AzwjEdnewdhmP3CDaqvaS6BjEjGMK9mnumtufvLmz5HJi', u'identifier': u'handshake', u'userid': u'', u'pool': u'moneroocean.stream'}
[717fbeee:2018-01-20T15:44:39.156567]: {u'password': u'', u'login': u'422QQNhnhX8hmMEkF3TWePWSvKm6DiV7sS3Za2dXrynsJ1w8U6AzwjEdnewdhmP3CDaqvaS6BjEjGMK9mnumtufvLmz5HJi', u'identifier': u'handshake', u'userid': u'', u'pool': u'moneroocean.stream'}
[648ea6a9:2018-01-20T15:45:07.695171]: {u'password': u'', u'login': u'422QQNhnhX8hmMEkF3TWePWSvKm6DiV7sS3Za2dXrynsJ1w8U6AzwjEdnewdhmP3CDaqvaS6BjEjGMK9mnumtufvLmz5HJi', u'identifier': u'handshake', u'userid': u'', u'pool': u'moneroocean.stream'}
[5d2d727d:2018-01-20T15:45:08.199507]: {u'password': u'', u'login': u'422QQNhnhX8hmMEkF3TWePWSvKm6DiV7sS3Za2dXrynsJ1w8U6AzwjEdnewdhmP3CDaqvaS6BjEjGMK9mnumtufvLmz5HJi', u'identifier': u'handshake', u'userid': u'', u'pool': u'moneroocean.stream'}
[f4b3b303:2018-01-20T15:45:31.398364]: {u'password': u'', u'login': u'422QQNhnhX8hmMEkF3TWePWSvKm6DiV7sS3Za2dXrynsJ1w8U6AzwjEdnewdhmP3CDaqvaS6BjEjGMK9mnumtufvLmz5HJi', u'identifier': u'handshake', u'userid': u'', u'pool': u'moneroocean.stream'}
[11bee7db:2018-01-20T15:45:59.432690]: {u'password': u'', u'login': u'422QQNhnhX8hmMEkF3TWePWSvKm6DiV7sS3Za2dXrynsJ1w8U6AzwjEdnewdhmP3CDaqvaS6BjEjGMK9mnumtufvLmz5HJi', u'identifier': u'handshake', u'userid': u'', u'pool': u'moneroocean.stream'}
[ac39f4f3:2018-01-20T15:46:27.137737]: {u'password': u'', u'login': u'422QQNhnhX8hmMEkF3TWePWSvKm6DiV7sS3Za2dXrynsJ1w8U6AzwjEdnewdhmP3CDaqvaS6BjEjGMK9mnumtufvLmz5HJi', u'identifier': u'handshake', u'userid': u'', u'pool': u'moneroocean.stream'}
[a9d8bb54:2018-01-20T15:46:28.186233]: {u'password': u'', u'login': u'422QQNhnhX8hmMEkF3TWePWSvKm6DiV7sS3Za2dXrynsJ1w8U6AzwjEdnewdhmP3CDaqvaS6BjEjGMK9mnumtufvLmz5HJi', u'identifier': u'handshake', u'userid': u'', u'pool': u'moneroocean.stream'}
[b4dcd31e:2018-01-20T15:46:58.784057]: {u'password': u'', u'login': u'422QQNhnhX8hmMEkF3TWePWSvKm6DiV7sS3Za2dXrynsJ1w8U6AzwjEdnewdhmP3CDaqvaS6BjEjGMK9mnumtufvLmz5HJi', u'identifier': u'handshake', u'userid': u'', u'pool': u'moneroocean.stream'}
[adcaccc3:2018-01-20T15:47:37.429694]: {u'password': u'', u'login': u'422QQNhnhX8hmMEkF3TWePWSvKm6DiV7sS3Za2dXrynsJ1w8U6AzwjEdnewdhmP3CDaqvaS6BjEjGMK9mnumtufvLmz5HJi', u'identifier': u'handshake', u'userid': u'', u'pool': u'moneroocean.stream'}
[d4660946:2018-01-20T15:47:38.187902]: {u'password': u'', u'login': u'422QQNhnhX8hmMEkF3TWePWSvKm6DiV7sS3Za2dXrynsJ1w8U6AzwjEdnewdhmP3CDaqvaS6BjEjGMK9mnumtufvLmz5HJi', u'identifier': u'handshake', u'userid': u'', u'pool': u'moneroocean.stream'}
[6507bdcd:2018-01-20T15:48:05.982745]: {u'password': u'', u'login': u'422QQNhnhX8hmMEkF3TWePWSvKm6DiV7sS3Za2dXrynsJ1w8U6AzwjEdnewdhmP3CDaqvaS6BjEjGMK9mnumtufvLmz5HJi', u'identifier': u'handshake', u'userid': u'', u'pool': u'moneroocean.stream'}
[c26cb98a:2018-01-20T15:48:08.183943]: {u'password': u'', u'login': u'422QQNhnhX8hmMEkF3TWePWSvKm6DiV7sS3Za2dXrynsJ1w8U6AzwjEdnewdhmP3CDaqvaS6BjEjGMK9mnumtufvLmz5HJi', u'identifier': u'handshake', u'userid': u'', u'pool': u'moneroocean.stream'}
[999d5ef7:2018-01-20T15:48:30.340686]: {u'password': u'', u'login': u'422QQNhnhX8hmMEkF3TWePWSvKm6DiV7sS3Za2dXrynsJ1w8U6AzwjEdnewdhmP3CDaqvaS6BjEjGMK9mnumtufvLmz5HJi', u'identifier': u'handshake', u'userid': u'', u'pool': u'moneroocean.stream'}
[7559e86f:2018-01-20T15:49:00.800048]: {u'password': u'', u'login': u'422QQNhnhX8hmMEkF3TWePWSvKm6DiV7sS3Za2dXrynsJ1w8U6AzwjEdnewdhmP3CDaqvaS6BjEjGMK9mnumtufvLmz5HJi', u'identifier': u'handshake', u'userid': u'', u'pool': u'moneroocean.stream'}
[6aa84faa:2018-01-20T15:49:17.935776]: {u'password': u'', u'login': u'422QQNhnhX8hmMEkF3TWePWSvKm6DiV7sS3Za2dXrynsJ1w8U6AzwjEdnewdhmP3CDaqvaS6BjEjGMK9mnumtufvLmz5HJi', u'identifier': u'handshake', u'userid': u'', u'pool': u'moneroocean.stream'}
[4536f528:2018-01-20T15:49:27.691354]: {u'password': u'', u'login': u'422QQNhnhX8hmMEkF3TWePWSvKm6DiV7sS3Za2dXrynsJ1w8U6AzwjEdnewdhmP3CDaqvaS6BjEjGMK9mnumtufvLmz5HJi', u'identifier': u'handshake', u'userid': u'', u'pool': u'moneroocean.stream'}
[063523c7:2018-01-20T15:49:36.144000]: {u'password': u'', u'login': u'422QQNhnhX8hmMEkF3TWePWSvKm6DiV7sS3Za2dXrynsJ1w8U6AzwjEdnewdhmP3CDaqvaS6BjEjGMK9mnumtufvLmz5HJi', u'identifier': u'handshake', u'userid': u'', u'pool': u'moneroocean.stream'}
[6f82e03e:2018-01-20T15:49:44.422910]: {u'password': u'', u'login': u'422QQNhnhX8hmMEkF3TWePWSvKm6DiV7sS3Za2dXrynsJ1w8U6AzwjEdnewdhmP3CDaqvaS6BjEjGMK9mnumtufvLmz5HJi', u'identifier': u'handshake', u'userid': u'', u'pool': u'moneroocean.stream'}
[3c7116e1:2018-01-20T15:49:59.206717]: {u'password': u'', u'login': u'422QQNhnhX8hmMEkF3TWePWSvKm6DiV7sS3Za2dXrynsJ1w8U6AzwjEdnewdhmP3CDaqvaS6BjEjGMK9mnumtufvLmz5HJi', u'identifier': u'handshake', u'userid': u'', u'pool': u'moneroocean.stream'}
[2d8e982e:2018-01-20T15:50:20.035124]: {u'password': u'', u'login': u'422QQNhnhX8hmMEkF3TWePWSvKm6DiV7sS3Za2dXrynsJ1w8U6AzwjEdnewdhmP3CDaqvaS6BjEjGMK9mnumtufvLmz5HJi', u'identifier': u'handshake', u'userid': u'', u'pool': u'moneroocean.stream'}
[f0f63073:2018-01-20T15:50:49.578527]: {u'password': u'', u'login': u'422QQNhnhX8hmMEkF3TWePWSvKm6DiV7sS3Za2dXrynsJ1w8U6AzwjEdnewdhmP3CDaqvaS6BjEjGMK9mnumtufvLmz5HJi', u'identifier': u'handshake', u'userid': u'', u'pool': u'moneroocean.stream'}
[a6418062:2018-01-20T15:51:14.133253]: {u'password': u'', u'login': u'422QQNhnhX8hmMEkF3TWePWSvKm6DiV7sS3Za2dXrynsJ1w8U6AzwjEdnewdhmP3CDaqvaS6BjEjGMK9mnumtufvLmz5HJi', u'identifier': u'handshake', u'userid': u'', u'pool': u'moneroocean.stream'}
[e1832bf4:2018-01-20T15:51:32.927885]: {u'password': u'', u'login': u'422QQNhnhX8hmMEkF3TWePWSvKm6DiV7sS3Za2dXrynsJ1w8U6AzwjEdnewdhmP3CDaqvaS6BjEjGMK9mnumtufvLmz5HJi', u'identifier': u'handshake', u'userid': u'', u'pool': u'moneroocean.stream'}
[79b425d8:2018-01-20T15:51:50.081874]: {u'password': u'', u'login': u'422QQNhnhX8hmMEkF3TWePWSvKm6DiV7sS3Za2dXrynsJ1w8U6AzwjEdnewdhmP3CDaqvaS6BjEjGMK9mnumtufvLmz5HJi', u'identifier': u'handshake', u'userid': u'', u'pool': u'moneroocean.stream'}
[cd443540:2018-01-20T15:52:09.154021]: {u'password': u'', u'login': u'422QQNhnhX8hmMEkF3TWePWSvKm6DiV7sS3Za2dXrynsJ1w8U6AzwjEdnewdhmP3CDaqvaS6BjEjGMK9mnumtufvLmz5HJi', u'identifier': u'handshake', u'userid': u'', u'pool': u'moneroocean.stream'}
[e2a3dda8:2018-01-20T15:52:36.530231]: {u'password': u'', u'login': u'422QQNhnhX8hmMEkF3TWePWSvKm6DiV7sS3Za2dXrynsJ1w8U6AzwjEdnewdhmP3CDaqvaS6BjEjGMK9mnumtufvLmz5HJi', u'identifier': u'handshake', u'userid': u'', u'pool': u'moneroocean.stream'}
[0a7d5d4a:2018-01-20T15:52:38.170280]: {u'password': u'', u'login': u'422QQNhnhX8hmMEkF3TWePWSvKm6DiV7sS3Za2dXrynsJ1w8U6AzwjEdnewdhmP3CDaqvaS6BjEjGMK9mnumtufvLmz5HJi', u'identifier': u'handshake', u'userid': u'', u'pool': u'moneroocean.stream'}
[40aa19da:2018-01-20T15:53:10.741808]: {u'password': u'', u'login': u'422QQNhnhX8hmMEkF3TWePWSvKm6DiV7sS3Za2dXrynsJ1w8U6AzwjEdnewdhmP3CDaqvaS6BjEjGMK9mnumtufvLmz5HJi', u'identifier': u'handshake', u'userid': u'', u'pool': u'moneroocean.stream'}
[b9d958d4:2018-01-20T15:53:36.741899]: {u'password': u'', u'login': u'422QQNhnhX8hmMEkF3TWePWSvKm6DiV7sS3Za2dXrynsJ1w8U6AzwjEdnewdhmP3CDaqvaS6BjEjGMK9mnumtufvLmz5HJi', u'identifier': u'handshake', u'userid': u'', u'pool': u'moneroocean.stream'}
[64e7b318:2018-01-20T15:53:52.891938]: {u'password': u'', u'login': u'422QQNhnhX8hmMEkF3TWePWSvKm6DiV7sS3Za2dXrynsJ1w8U6AzwjEdnewdhmP3CDaqvaS6BjEjGMK9mnumtufvLmz5HJi', u'identifier': u'handshake', u'userid': u'', u'pool': u'moneroocean.stream'}
[fce27a75:2018-01-20T15:54:19.592844]: {u'password': u'', u'login': u'422QQNhnhX8hmMEkF3TWePWSvKm6DiV7sS3Za2dXrynsJ1w8U6AzwjEdnewdhmP3CDaqvaS6BjEjGMK9mnumtufvLmz5HJi', u'identifier': u'handshake', u'userid': u'', u'pool': u'moneroocean.stream'}
[17c63325:2018-01-20T15:54:40.692247]: {u'password': u'', u'login': u'422QQNhnhX8hmMEkF3TWePWSvKm6DiV7sS3Za2dXrynsJ1w8U6AzwjEdnewdhmP3CDaqvaS6BjEjGMK9mnumtufvLmz5HJi', u'identifier': u'handshake', u'userid': u'', u'pool': u'moneroocean.stream'}
[64fd0751:2018-01-20T15:55:02.442437]: {u'password': u'', u'login': u'422QQNhnhX8hmMEkF3TWePWSvKm6DiV7sS3Za2dXrynsJ1w8U6AzwjEdnewdhmP3CDaqvaS6BjEjGMK9mnumtufvLmz5HJi', u'identifier': u'handshake', u'userid': u'', u'pool': u'moneroocean.stream'}
[f7e6b05a:2018-01-20T15:55:28.142473]: {u'password': u'', u'login': u'422QQNhnhX8hmMEkF3TWePWSvKm6DiV7sS3Za2dXrynsJ1w8U6AzwjEdnewdhmP3CDaqvaS6BjEjGMK9mnumtufvLmz5HJi', u'identifier': u'handshake', u'userid': u'', u'pool': u'moneroocean.stream'}
[65c8dabd:2018-01-20T15:55:53.692728]: {u'password': u'', u'login': u'422QQNhnhX8hmMEkF3TWePWSvKm6DiV7sS3Za2dXrynsJ1w8U6AzwjEdnewdhmP3CDaqvaS6BjEjGMK9mnumtufvLmz5HJi', u'identifier': u'handshake', u'userid': u'', u'pool': u'moneroocean.stream'}
[4019c9db:2018-01-20T15:56:13.742704]: {u'password': u'', u'login': u'422QQNhnhX8hmMEkF3TWePWSvKm6DiV7sS3Za2dXrynsJ1w8U6AzwjEdnewdhmP3CDaqvaS6BjEjGMK9mnumtufvLmz5HJi', u'identifier': u'handshake', u'userid': u'', u'pool': u'moneroocean.stream'}
[a321b37c:2018-01-20T15:56:39.443029]: {u'password': u'', u'login': u'422QQNhnhX8hmMEkF3TWePWSvKm6DiV7sS3Za2dXrynsJ1w8U6AzwjEdnewdhmP3CDaqvaS6BjEjGMK9mnumtufvLmz5HJi', u'identifier': u'handshake', u'userid': u'', u'pool': u'moneroocean.stream'}
[8ef0ba0c:2018-01-20T15:57:07.431870]: {u'password': u'', u'login': u'422QQNhnhX8hmMEkF3TWePWSvKm6DiV7sS3Za2dXrynsJ1w8U6AzwjEdnewdhmP3CDaqvaS6BjEjGMK9mnumtufvLmz5HJi', u'identifier': u'handshake', u'userid': u'', u'pool': u'moneroocean.stream'}
[b46df0ab:2018-01-20T15:57:22.268952]: {u'password': u'', u'login': u'422QQNhnhX8hmMEkF3TWePWSvKm6DiV7sS3Za2dXrynsJ1w8U6AzwjEdnewdhmP3CDaqvaS6BjEjGMK9mnumtufvLmz5HJi', u'identifier': u'handshake', u'userid': u'', u'pool': u'moneroocean.stream'}
[9752d6af:2018-01-20T15:57:58.245485]: {u'password': u'', u'login': u'422QQNhnhX8hmMEkF3TWePWSvKm6DiV7sS3Za2dXrynsJ1w8U6AzwjEdnewdhmP3CDaqvaS6BjEjGMK9mnumtufvLmz5HJi', u'identifier': u'handshake', u'userid': u'', u'pool': u'moneroocean.stream'}
[47e940b6:2018-01-20T15:58:24.493551]: {u'password': u'', u'login': u'422QQNhnhX8hmMEkF3TWePWSvKm6DiV7sS3Za2dXrynsJ1w8U6AzwjEdnewdhmP3CDaqvaS6BjEjGMK9mnumtufvLmz5HJi', u'identifier': u'handshake', u'userid': u'', u'pool': u'moneroocean.stream'}
[d55caaa1:2018-01-20T15:58:56.493778]: {u'password': u'', u'login': u'422QQNhnhX8hmMEkF3TWePWSvKm6DiV7sS3Za2dXrynsJ1w8U6AzwjEdnewdhmP3CDaqvaS6BjEjGMK9mnumtufvLmz5HJi', u'identifier': u'handshake', u'userid': u'', u'pool': u'moneroocean.stream'}
[4bc9ebe6:2018-01-20T15:58:58.193905]: {u'password': u'', u'login': u'422QQNhnhX8hmMEkF3TWePWSvKm6DiV7sS3Za2dXrynsJ1w8U6AzwjEdnewdhmP3CDaqvaS6BjEjGMK9mnumtufvLmz5HJi', u'identifier': u'handshake', u'userid': u'', u'pool': u'moneroocean.stream'}
[15180c59:2018-01-20T15:59:27.680687]: {u'password': u'', u'login': u'422QQNhnhX8hmMEkF3TWePWSvKm6DiV7sS3Za2dXrynsJ1w8U6AzwjEdnewdhmP3CDaqvaS6BjEjGMK9mnumtufvLmz5HJi', u'identifier': u'handshake', u'userid': u'', u'pool': u'moneroocean.stream'}
[cc4af384:2018-01-20T15:59:28.262593]: {u'password': u'', u'login': u'422QQNhnhX8hmMEkF3TWePWSvKm6DiV7sS3Za2dXrynsJ1w8U6AzwjEdnewdhmP3CDaqvaS6BjEjGMK9mnumtufvLmz5HJi', u'identifier': u'handshake', u'userid': u'', u'pool': u'moneroocean.stream'}
[14c099de:2018-01-20T15:59:54.982138]: {u'password': u'', u'login': u'422QQNhnhX8hmMEkF3TWePWSvKm6DiV7sS3Za2dXrynsJ1w8U6AzwjEdnewdhmP3CDaqvaS6BjEjGMK9mnumtufvLmz5HJi', u'identifier': u'handshake', u'userid': u'', u'pool': u'moneroocean.stream'}
[60182647:2018-01-20T16:00:10.164680]: {u'password': u'', u'login': u'422QQNhnhX8hmMEkF3TWePWSvKm6DiV7sS3Za2dXrynsJ1w8U6AzwjEdnewdhmP3CDaqvaS6BjEjGMK9mnumtufvLmz5HJi', u'identifier': u'handshake', u'userid': u'', u'pool': u'moneroocean.stream'}
[3955b339:2018-01-20T16:00:41.009711]: {u'password': u'', u'login': u'422QQNhnhX8hmMEkF3TWePWSvKm6DiV7sS3Za2dXrynsJ1w8U6AzwjEdnewdhmP3CDaqvaS6BjEjGMK9mnumtufvLmz5HJi', u'identifier': u'handshake', u'userid': u'', u'pool': u'moneroocean.stream'}
[c2d8ec4a:2018-01-20T16:01:12.394417]: {u'password': u'', u'login': u'422QQNhnhX8hmMEkF3TWePWSvKm6DiV7sS3Za2dXrynsJ1w8U6AzwjEdnewdhmP3CDaqvaS6BjEjGMK9mnumtufvLmz5HJi', u'identifier': u'handshake', u'userid': u'', u'pool': u'moneroocean.stream'}
[a748948d:2018-01-20T16:01:27.644520]: {u'password': u'', u'login': u'422QQNhnhX8hmMEkF3TWePWSvKm6DiV7sS3Za2dXrynsJ1w8U6AzwjEdnewdhmP3CDaqvaS6BjEjGMK9mnumtufvLmz5HJi', u'identifier': u'handshake', u'userid': u'', u'pool': u'moneroocean.stream'}
[20a41bf6:2018-01-20T16:01:36.345372]: {u'password': u'', u'login': u'422QQNhnhX8hmMEkF3TWePWSvKm6DiV7sS3Za2dXrynsJ1w8U6AzwjEdnewdhmP3CDaqvaS6BjEjGMK9mnumtufvLmz5HJi', u'identifier': u'handshake', u'userid': u'', u'pool': u'moneroocean.stream'}
[1628925a:2018-01-20T16:01:45.210256]: {u'password': u'', u'login': u'422QQNhnhX8hmMEkF3TWePWSvKm6DiV7sS3Za2dXrynsJ1w8U6AzwjEdnewdhmP3CDaqvaS6BjEjGMK9mnumtufvLmz5HJi', u'identifier': u'handshake', u'userid': u'', u'pool': u'moneroocean.stream'}
[36f595bc:2018-01-20T16:02:01.658764]: {u'password': u'', u'login': u'422QQNhnhX8hmMEkF3TWePWSvKm6DiV7sS3Za2dXrynsJ1w8U6AzwjEdnewdhmP3CDaqvaS6BjEjGMK9mnumtufvLmz5HJi', u'identifier': u'handshake', u'userid': u'', u'pool': u'moneroocean.stream'}
[b2013417:2018-01-20T16:02:24.644943]: {u'password': u'', u'login': u'422QQNhnhX8hmMEkF3TWePWSvKm6DiV7sS3Za2dXrynsJ1w8U6AzwjEdnewdhmP3CDaqvaS6BjEjGMK9mnumtufvLmz5HJi', u'identifier': u'handshake', u'userid': u'', u'pool': u'moneroocean.stream'}
[688f8cbe:2018-01-20T16:02:49.259084]: {u'password': u'', u'login': u'422QQNhnhX8hmMEkF3TWePWSvKm6DiV7sS3Za2dXrynsJ1w8U6AzwjEdnewdhmP3CDaqvaS6BjEjGMK9mnumtufvLmz5HJi', u'identifier': u'handshake', u'userid': u'', u'pool': u'moneroocean.stream'}
[ccbc2c5d:2018-01-20T16:03:16.195293]: {u'password': u'', u'login': u'422QQNhnhX8hmMEkF3TWePWSvKm6DiV7sS3Za2dXrynsJ1w8U6AzwjEdnewdhmP3CDaqvaS6BjEjGMK9mnumtufvLmz5HJi', u'identifier': u'handshake', u'userid': u'', u'pool': u'moneroocean.stream'}
[eb4b8625:2018-01-20T16:03:29.945149]: {u'password': u'', u'login': u'422QQNhnhX8hmMEkF3TWePWSvKm6DiV7sS3Za2dXrynsJ1w8U6AzwjEdnewdhmP3CDaqvaS6BjEjGMK9mnumtufvLmz5HJi', u'identifier': u'handshake', u'userid': u'', u'pool': u'moneroocean.stream'}
[f029fc61:2018-01-20T16:03:52.545372]: {u'password': u'', u'login': u'422QQNhnhX8hmMEkF3TWePWSvKm6DiV7sS3Za2dXrynsJ1w8U6AzwjEdnewdhmP3CDaqvaS6BjEjGMK9mnumtufvLmz5HJi', u'identifier': u'handshake', u'userid': u'', u'pool': u'moneroocean.stream'}
[43337596:2018-01-20T16:04:11.395496]: {u'password': u'', u'login': u'422QQNhnhX8hmMEkF3TWePWSvKm6DiV7sS3Za2dXrynsJ1w8U6AzwjEdnewdhmP3CDaqvaS6BjEjGMK9mnumtufvLmz5HJi', u'identifier': u'handshake', u'userid': u'', u'pool': u'moneroocean.stream'}
[8985a14b:2018-01-20T16:04:30.545670]: {u'password': u'', u'login': u'422QQNhnhX8hmMEkF3TWePWSvKm6DiV7sS3Za2dXrynsJ1w8U6AzwjEdnewdhmP3CDaqvaS6BjEjGMK9mnumtufvLmz5HJi', u'identifier': u'handshake', u'userid': u'', u'pool': u'moneroocean.stream'}
[02c0ed9a:2018-01-20T16:04:53.695701]: {u'password': u'', u'login': u'422QQNhnhX8hmMEkF3TWePWSvKm6DiV7sS3Za2dXrynsJ1w8U6AzwjEdnewdhmP3CDaqvaS6BjEjGMK9mnumtufvLmz5HJi', u'identifier': u'handshake', u'userid': u'', u'pool': u'moneroocean.stream'}
[43c7d147:2018-01-20T16:05:18.176486]: {u'password': u'', u'login': u'422QQNhnhX8hmMEkF3TWePWSvKm6DiV7sS3Za2dXrynsJ1w8U6AzwjEdnewdhmP3CDaqvaS6BjEjGMK9mnumtufvLmz5HJi', u'identifier': u'handshake', u'userid': u'', u'pool': u'moneroocean.stream'}
